01:04:51.093 [main                     ] DEBUG Logger               - Configured Logger
01:04:51.118 [main                     ] DEBUG GameApplication      - Logging settings
Title: Tetris Game
Version: 0.1
Width: 800
Height: 600
Fullscreen: false
Intro: false
Profiling: false
Single step:false
App Mode: DEVELOPER
Menu Key: ESCAPE
Stage Style: DECORATED
Scene Factory: class com.almasb.fxgl.app.scene.SceneFactory

01:04:51.413 [JavaFX Application Thread] DEBUG FXGLApplication      - Initializing FXGL
01:04:51.418 [JavaFX Application Thread] INFO  Engine               - FXGL-17.3 (30.03.2023 11.49) on WINDOWS (J:17.0.10 FX:17.0.6)
01:04:51.418 [JavaFX Application Thread] DEBUG Engine               - JRE Vendor Name: Oracle Corporation
01:04:51.418 [JavaFX Application Thread] DEBUG Engine               - Running on OS: Windows 11 version 10.0
01:04:51.418 [JavaFX Application Thread] DEBUG Engine               - Architecture: amd64
01:04:51.418 [JavaFX Application Thread] INFO  Engine               - Source code and latest versions at: https://github.com/AlmasB/FXGL
01:04:51.419 [JavaFX Application Thread] INFO  Engine               -       Ask questions and discuss at: https://github.com/AlmasB/FXGL/discussions
01:04:51.419 [JavaFX Application Thread] INFO  Engine               -              Join the FXGL chat at: https://gitter.im/AlmasB/FXGL
01:04:51.488 [JavaFX Application Thread] DEBUG PrimaryStageWindow   - Creating a JavaFX scene
01:04:51.522 [JavaFX Application Thread] DEBUG PrimaryStageWindow   - Target settings size: 800.0 x 600.0
01:04:51.522 [JavaFX Application Thread] DEBUG PrimaryStageWindow   - Scaled scene size:    800.0 x 600.0
01:04:51.522 [JavaFX Application Thread] DEBUG PrimaryStageWindow   - Scaled ratio: (1.0, 1.0)
01:04:51.523 [JavaFX Application Thread] DEBUG PrimaryStageWindow   - Set initial scene to FXGLStartupScene
01:04:51.527 [JavaFX Application Thread] DEBUG PrimaryStageWindow   - Opening main window
01:04:51.602 [JavaFX Application Thread] DEBUG PrimaryStageWindow   - Window border size: (16.0, 39.0)
01:04:51.602 [JavaFX Application Thread] DEBUG PrimaryStageWindow   - Scaled size: 800.0 x 600.0
01:04:51.603 [JavaFX Application Thread] DEBUG PrimaryStageWindow   - Scaled ratio: (1.0, 1.0)
01:04:51.603 [JavaFX Application Thread] DEBUG PrimaryStageWindow   - Scene size: 800.0 x 600.0
01:04:51.603 [JavaFX Application Thread] DEBUG PrimaryStageWindow   - Stage size: 816.0 x 639.0
01:04:51.609 [FXGL Background Thread 1 ] DEBUG Engine               - Initializing environment variables
01:04:51.639 [FXGL Background Thread 1 ] DEBUG FXGLAssetLoaderServi - User app class for loading assets: class org.jair.tetris.tetris.TetrisApplication
01:04:51.640 [FXGL Background Thread 1 ] DEBUG GameApplicationServi - Applying CSS: fxgl_dark.css
01:04:51.641 [FXGL Background Thread 1 ] DEBUG FXGLAssetLoaderServi - Loading from file system: jar:file:///C:/Users/chama/.m2/repository/com/github/almasb/fxgl/17.3/fxgl-17.3.jar!/fxglassets/ui/css/fxgl_dark.css
01:04:51.676 [FXGL Background Thread 1 ] DEBUG GameApplicationServi - Initializing application scenes
01:04:51.704 [FXGL Background Thread 1 ] DEBUG GameWorld            - Game world initialized
01:04:51.765 [FXGL Background Thread 1 ] DEBUG PhysicsWorld         - Physics world initialized: appHeight=600, physics.ppm=50.0
01:04:51.765 [FXGL Background Thread 1 ] DEBUG PhysicsWorld         - Using strategy: BRUTE_FORCE
01:04:51.768 [FXGL Background Thread 1 ] DEBUG GameScene            - Game scene initialized: 800x600
01:04:51.786 [FXGL Background Thread 1 ] DEBUG FXGL.DefaultMenu     - createMenuBodyGameMenu()
01:04:51.798 [FXGL Background Thread 1 ] DEBUG FXGL.DefaultMenu     - createOptionsMenu()
01:04:51.806 [FXGL Background Thread 1 ] DEBUG FXGLAssetLoaderServi - Loading from file system: jar:file:///C:/Users/chama/.m2/repository/com/github/almasb/fxgl/17.3/fxgl-17.3.jar!/fxglassets/textures/particles/smoke.png
01:04:51.883 [FXGL Background Thread 1 ] DEBUG FXGLAssetLoaderServi - Loading from file system: jar:file:///C:/Users/chama/.m2/repository/com/github/almasb/fxgl/17.3/fxgl-17.3.jar!/fxglassets/textures/particles/trace_horizontal.png
01:04:51.906 [FXGL Background Thread 1 ] DEBUG GameApplicationServi - Application scenes initialized
01:04:51.916 [FXGL Background Thread 1 ] DEBUG SystemBundleService  - Loading FXGL system data
01:04:51.921 [FXGL Background Thread 1 ] DEBUG FileSystemAccess     - Reading from: D:\Users\chama\Desktop\java\Tetris\tetris\system\fxgl.bundle
01:04:51.928 [FXGL Background Thread 1 ] DEBUG SystemBundleService  - Bundle FXGL: {}
01:04:51.928 [FXGL Background Thread 1 ] DEBUG UpdaterService       - Checking for updates
01:04:51.932 [FXGL Background Thread 4 ] DEBUG FXGLApplication      - Loading fonts
01:04:51.933 [FXGL Background Thread 1 ] DEBUG FXGLApplication      - Loading default localization
01:04:51.933 [FXGL Background Thread 4 ] DEBUG FXGLAssetLoaderServi - Loading from file system: jar:file:///C:/Users/chama/.m2/repository/com/github/almasb/fxgl/17.3/fxgl-17.3.jar!/fxglassets/ui/fonts/VarelaRound-Regular.ttf
01:04:51.933 [FXGL Background Thread 1 ] DEBUG FXGLAssetLoaderServi - Loading from file system: jar:file:///C:/Users/chama/.m2/repository/com/github/almasb/fxgl/17.3/fxgl-17.3.jar!/fxglassets/languages/english.lang
01:04:51.963 [FXGL Background Thread 1 ] INFO  FXGLApplication      - FXGL initialization took: 0.355 sec
01:04:51.973 [JavaFX Application Thread] DEBUG Input                - Registered new binding: Move Right - Right
01:04:51.973 [JavaFX Application Thread] DEBUG FXGLAssetLoaderServi - Loading from file system: jar:file:///C:/Users/chama/.m2/repository/com/github/almasb/fxgl/17.3/fxgl-17.3.jar!/fxglassets/textures/fxgl_icon.png
01:04:51.994 [JavaFX Application Thread] DEBUG FXGLAssetLoaderServi - Loading from file system: jar:file:///C:/Users/chama/.m2/repository/com/github/almasb/fxgl/17.3/fxgl-17.3.jar!/fxglassets/textures/fxgl_default_cursor.png
01:04:51.996 [FXGL Background Thread 4 ] DEBUG FXGLAssetLoaderServi - Loading from file system: jar:file:///C:/Users/chama/.m2/repository/com/github/almasb/fxgl/17.3/fxgl-17.3.jar!/fxglassets/ui/fonts/Abel-Regular.ttf
01:04:51.998 [JavaFX Application Thread] DEBUG Input                - Registered new binding: Screenshot - CTRL+8
01:04:51.999 [JavaFX Application Thread] DEBUG Input                - Registered new binding: System info dump - CTRL+9
01:04:51.999 [FXGL Background Thread 4 ] DEBUG FXGLAssetLoaderServi - Loading from file system: jar:file:///C:/Users/chama/.m2/repository/com/github/almasb/fxgl/17.3/fxgl-17.3.jar!/fxglassets/ui/fonts/TerminalLandMono-Regular.otf
01:04:51.999 [JavaFX Application Thread] DEBUG Input                - Registered new binding: Restart - CTRL+R
01:04:52.001 [JavaFX Application Thread] DEBUG Input                - Registered new binding: Toggle Debug Camera - CTRL+7
01:04:52.002 [FXGL Background Thread 4 ] DEBUG FXGLAssetLoaderServi - Loading from file system: jar:file:///C:/Users/chama/.m2/repository/com/github/almasb/fxgl/17.3/fxgl-17.3.jar!/fxglassets/ui/fonts/Courier-Prime.ttf
01:04:52.005 [JavaFX Application Thread] DEBUG LoopRunner           - Starting loop
01:04:52.005 [JavaFX Application Thread] DEBUG LoopRunner           - Initializing JavaFX AnimationTimerLoop
01:04:52.007 [JavaFX Application Thread] DEBUG GameApplicationServi - Starting new game
01:04:52.008 [JavaFX Application Thread] DEBUG Input                - Clearing active input actions
01:04:52.017 [JavaFX Application Thread] DEBUG GameApplicationServi - Removing overlay from FXGLStartupScene and adding to FXGLLoadingScene
01:04:52.018 [JavaFX Application Thread] DEBUG PrimaryStageWindow   - FXGLStartupScene -> FXGLLoadingScene
01:04:52.018 [JavaFX Application Thread] DEBUG GameApplicationServi - Clearing previous game
01:04:52.018 [JavaFX Application Thread] DEBUG GameScene            - Clearing game scene
01:04:52.018 [JavaFX Application Thread] DEBUG GameWorld            - Clearing game world
01:04:52.018 [JavaFX Application Thread] DEBUG PhysicsWorld         - Clearing physics world
01:04:52.020 [JavaFX Application Thread] DEBUG FXGLApplication      - Registering font factories with UI factory
01:04:52.020 [FXGL Background Thread 4 ] DEBUG FXGLApplication      - Initializing game
01:04:52.042 [FXGL Background Thread 4 ] INFO  FXGLApplication      - Game initialization took: 0.022 sec
01:04:52.054 [JavaFX Application Thread] DEBUG Input                - Clearing active input actions
01:04:52.063 [JavaFX Application Thread] DEBUG GameApplicationServi - Removing overlay from FXGLLoadingScene and adding to GameScene
01:04:52.063 [JavaFX Application Thread] DEBUG PrimaryStageWindow   - FXGLLoadingScene -> GameScene
01:04:52.312 [FXGL Background Thread 2 ] INFO  UpdaterService       - Your current version:  17.3
01:04:52.312 [FXGL Background Thread 2 ] INFO  UpdaterService       - Latest stable version: 21.1
01:04:54.046 [JavaFX Application Thread] DEBUG LoopRunner           - Stopping loop
01:04:54.047 [JavaFX Application Thread] FATAL FXGLApplication      - Uncaught Exception:
java.lang.ArrayIndexOutOfBoundsException: Index 27 out of bounds for length 10
	at org.jair.tetris.tetris/org.jair.tetris.tetris.TetrisApplication.moveDown(TetrisApplication.java:255)
	at org.jair.tetris.tetris/org.jair.tetris.tetris.TetrisApplication.updateGame(TetrisApplication.java:220)
	at org.jair.tetris.tetris/org.jair.tetris.tetris.TetrisApplication.lambda$initGame$0(TetrisApplication.java:109)
	at javafx.graphics/com.sun.scenario.animation.shared.TimelineClipCore.visitKeyFrame(TimelineClipCore.java:239)
	at javafx.graphics/com.sun.scenario.animation.shared.TimelineClipCore.playTo(TimelineClipCore.java:180)
	at javafx.graphics/javafx.animation.Timeline.doPlayTo(Timeline.java:172)
	at javafx.graphics/javafx.animation.AnimationAccessorImpl.playTo(AnimationAccessorImpl.java:39)
	at javafx.graphics/com.sun.scenario.animation.shared.InfiniteClipEnvelope.timePulse(InfiniteClipEnvelope.java:104)
	at javafx.graphics/javafx.animation.Animation.doTimePulse(Animation.java:1189)
	at javafx.graphics/javafx.animation.Animation$1.lambda$timePulse$0(Animation.java:207)
	at java.base/java.security.AccessController.doPrivileged(AccessController.java:399)
	at javafx.graphics/javafx.animation.Animation$1.timePulse(Animation.java:206)
	at javafx.graphics/com.sun.scenario.animation.AbstractPrimaryTimer.timePulseImpl(AbstractPrimaryTimer.java:343)
	at javafx.graphics/com.sun.scenario.animation.AbstractPrimaryTimer$MainLoop.run(AbstractPrimaryTimer.java:266)
	at javafx.graphics/com.sun.javafx.tk.quantum.QuantumToolkit.pulse(QuantumToolkit.java:571)
	at javafx.graphics/com.sun.javafx.tk.quantum.QuantumToolkit.pulse(QuantumToolkit.java:555)
	at javafx.graphics/com.sun.javafx.tk.quantum.QuantumToolkit.pulseFromQueue(QuantumToolkit.java:548)
	at javafx.graphics/com.sun.javafx.tk.quantum.QuantumToolkit.lambda$runToolkit$11(QuantumToolkit.java:353)
	at javafx.graphics/com.sun.glass.ui.InvokeLaterDispatcher$Future.run(InvokeLaterDispatcher.java:96)
	at javafx.graphics/com.sun.glass.ui.win.WinApplication._runLoop(Native Method)
	at javafx.graphics/com.sun.glass.ui.win.WinApplication.lambda$runLoop$3(WinApplication.java:184)
	at java.base/java.lang.Thread.run(Thread.java:842)

01:04:54.047 [JavaFX Application Thread] FATAL FXGLApplication      - Application will now exit
01:04:54.060 [JavaFX Application Thread] DEBUG PrimaryStageWindow   - Push state: ErrorSubScene
01:04:54.060 [JavaFX Application Thread] DEBUG Input                - Clearing active input actions
01:04:54.063 [JavaFX Application Thread] DEBUG GameApplicationServi - Removing overlay from GameScene and adding to ErrorSubScene
01:04:54.063 [JavaFX Application Thread] DEBUG PrimaryStageWindow   - GameScene -> ErrorSubScene
01:04:54.939 [FXGL Background Thread 3 ] DEBUG Engine               - Logging environment variables
01:04:54.940 [FXGL Background Thread 3 ] DEBUG Engine               - achievements: []
01:04:54.940 [FXGL Background Thread 3 ] DEBUG Engine               - actualHeight: 600.0
01:04:54.940 [FXGL Background Thread 3 ] DEBUG Engine               - actualHeightProperty: ReadOnlyDoubleProperty [value: 600.0]
01:04:54.940 [FXGL Background Thread 3 ] DEBUG Engine               - actualWidth: 800.0
01:04:54.940 [FXGL Background Thread 3 ] DEBUG Engine               - actualWidthProperty: ReadOnlyDoubleProperty [value: 800.0]
01:04:54.941 [FXGL Background Thread 3 ] DEBUG Engine               - appIcon: fxgl_icon.png
01:04:54.941 [FXGL Background Thread 3 ] DEBUG Engine               - applicationMode: DEVELOPER
01:04:54.941 [FXGL Background Thread 3 ] DEBUG Engine               - cSSList: [fxgl_dark.css]
01:04:54.941 [FXGL Background Thread 3 ] DEBUG Engine               - collisionDetectionStrategy: BRUTE_FORCE
01:04:54.941 [FXGL Background Thread 3 ] DEBUG Engine               - configClass: Optional.empty
01:04:54.941 [FXGL Background Thread 3 ] DEBUG Engine               - credits: []
01:04:54.941 [FXGL Background Thread 3 ] DEBUG Engine               - defaultCursor: CursorInfo(imageName=fxgl_default_cursor.png, hotspotX=7.0, hotspotY=6.0)
01:04:54.941 [FXGL Background Thread 3 ] DEBUG Engine               - devBBoxColorProperty: ObjectProperty [value: 0xff0000ff]
01:04:54.941 [FXGL Background Thread 3 ] DEBUG Engine               - devEnableDebugCameraProperty: BooleanProperty [value: false]
01:04:54.941 [FXGL Background Thread 3 ] DEBUG Engine               - devSensorColorProperty: ObjectProperty [value: 0xffff00ff]
01:04:54.942 [FXGL Background Thread 3 ] DEBUG Engine               - devShowBBoxProperty: BooleanProperty [value: false]
01:04:54.942 [FXGL Background Thread 3 ] DEBUG Engine               - devShowPositionProperty: BooleanProperty [value: false]
01:04:54.942 [FXGL Background Thread 3 ] DEBUG Engine               - enabledMenuItems: []
01:04:54.942 [FXGL Background Thread 3 ] DEBUG Engine               - engineServices: [class com.almasb.fxgl.app.services.FXGLAssetLoaderService, class com.almasb.fxgl.app.FXGLApplication$GameApplicationService, class com.almasb.fxgl.app.services.FXGLDialogService, class com.almasb.fxgl.app.services.IOTaskExecutorService, class com.almasb.fxgl.io.FileSystemService, class com.almasb.fxgl.localization.LocalizationService, class com.almasb.fxgl.app.services.SystemBundleService, class com.almasb.fxgl.profile.SaveLoadService, class com.almasb.fxgl.ui.FXGLUIFactoryServiceProvider, class com.almasb.fxgl.ui.FXGLDialogFactoryServiceProvider, class com.almasb.fxgl.audio.AudioPlayer, class com.almasb.fxgl.notification.impl.NotificationServiceProvider, class com.almasb.fxgl.achievement.AchievementService, class com.almasb.fxgl.cutscene.CutsceneService, class com.almasb.fxgl.minigames.MiniGameService, class com.almasb.fxgl.net.NetService, class com.almasb.fxgl.app.services.UpdaterService, class com.almasb.fxgl.dev.DevService]
01:04:54.942 [FXGL Background Thread 3 ] DEBUG Engine               - fontGame: Abel-Regular.ttf
01:04:54.942 [FXGL Background Thread 3 ] DEBUG Engine               - fontMono: TerminalLandMono-Regular.otf
01:04:54.942 [FXGL Background Thread 3 ] DEBUG Engine               - fontSizeScaleUI: 1.0
01:04:54.942 [FXGL Background Thread 3 ] DEBUG Engine               - fontText: Courier-Prime.ttf
01:04:54.942 [FXGL Background Thread 3 ] DEBUG Engine               - fontUI: VarelaRound-Regular.ttf
01:04:54.942 [FXGL Background Thread 3 ] DEBUG Engine               - fullScreen: BooleanProperty [value: false]
01:04:54.942 [FXGL Background Thread 3 ] DEBUG Engine               - gameDifficulty: MEDIUM
01:04:54.942 [FXGL Background Thread 3 ] DEBUG Engine               - gameDifficultyProperty: ObjectProperty [value: MEDIUM]
01:04:54.942 [FXGL Background Thread 3 ] DEBUG Engine               - globalMusicVolume: 0.5
01:04:54.942 [FXGL Background Thread 3 ] DEBUG Engine               - globalMusicVolumeProperty: DoubleProperty [value: 0.5]
01:04:54.942 [FXGL Background Thread 3 ] DEBUG Engine               - globalSoundVolume: 0.5
01:04:54.942 [FXGL Background Thread 3 ] DEBUG Engine               - globalSoundVolumeProperty: DoubleProperty [value: 0.5]
01:04:54.943 [FXGL Background Thread 3 ] DEBUG Engine               - height: 600
01:04:54.943 [FXGL Background Thread 3 ] DEBUG Engine               - is3D: false
01:04:54.943 [FXGL Background Thread 3 ] DEBUG Engine               - isAndroid: false
01:04:54.943 [FXGL Background Thread 3 ] DEBUG Engine               - isBrowser: false
01:04:54.943 [FXGL Background Thread 3 ] DEBUG Engine               - isClickFeedbackEnabled: false
01:04:54.943 [FXGL Background Thread 3 ] DEBUG Engine               - isCloseConfirmation: false
01:04:54.943 [FXGL Background Thread 3 ] DEBUG Engine               - isDesktop: true
01:04:54.943 [FXGL Background Thread 3 ] DEBUG Engine               - isDeveloperMenuEnabled: false
01:04:54.943 [FXGL Background Thread 3 ] DEBUG Engine               - isEmbedded: false
01:04:54.943 [FXGL Background Thread 3 ] DEBUG Engine               - isEntityPreloadEnabled: true
01:04:54.943 [FXGL Background Thread 3 ] DEBUG Engine               - isExperimentalTiledLargeMap: false
01:04:54.943 [FXGL Background Thread 3 ] DEBUG Engine               - isFileSystemWriteAllowed: true
01:04:54.943 [FXGL Background Thread 3 ] DEBUG Engine               - isFullScreenAllowed: false
01:04:54.943 [FXGL Background Thread 3 ] DEBUG Engine               - isFullScreenFromStart: false
01:04:54.943 [FXGL Background Thread 3 ] DEBUG Engine               - isGameMenuEnabled: true
01:04:54.943 [FXGL Background Thread 3 ] DEBUG Engine               - isIOS: false
01:04:54.943 [FXGL Background Thread 3 ] DEBUG Engine               - isIntroEnabled: false
01:04:54.944 [FXGL Background Thread 3 ] DEBUG Engine               - isLinux: false
01:04:54.944 [FXGL Background Thread 3 ] DEBUG Engine               - isMac: false
01:04:54.944 [FXGL Background Thread 3 ] DEBUG Engine               - isMainMenuEnabled: false
01:04:54.944 [FXGL Background Thread 3 ] DEBUG Engine               - isManualResizeEnabled: false
01:04:54.944 [FXGL Background Thread 3 ] DEBUG Engine               - isMobile: false
01:04:54.944 [FXGL Background Thread 3 ] DEBUG Engine               - isNative: false
01:04:54.944 [FXGL Background Thread 3 ] DEBUG Engine               - isPauseMusicWhenMinimized: true
01:04:54.944 [FXGL Background Thread 3 ] DEBUG Engine               - isPreserveResizeRatio: false
01:04:54.944 [FXGL Background Thread 3 ] DEBUG Engine               - isProfilingEnabled: false
01:04:54.944 [FXGL Background Thread 3 ] DEBUG Engine               - isScaleAffectedOnResize: true
01:04:54.944 [FXGL Background Thread 3 ] DEBUG Engine               - isSingleStep: false
01:04:54.944 [FXGL Background Thread 3 ] DEBUG Engine               - isUserProfileEnabled: false
01:04:54.944 [FXGL Background Thread 3 ] DEBUG Engine               - isWindows: true
01:04:54.944 [FXGL Background Thread 3 ] DEBUG Engine               - language: ObjectProperty [value: ENGLISH]
01:04:54.944 [FXGL Background Thread 3 ] DEBUG Engine               - menuKey: ESCAPE
01:04:54.944 [FXGL Background Thread 3 ] DEBUG Engine               - mouseSensitivity: 0.2
01:04:54.944 [FXGL Background Thread 3 ] DEBUG Engine               - notificationViewClass: class com.almasb.fxgl.notification.view.XboxNotificationView
01:04:54.944 [FXGL Background Thread 3 ] DEBUG Engine               - pixelsPerMeter: 50.0
01:04:54.944 [FXGL Background Thread 3 ] DEBUG Engine               - platform: WINDOWS
01:04:54.944 [FXGL Background Thread 3 ] DEBUG Engine               - prefHeightProperty: ReadOnlyDoubleProperty [value: 600.0]
01:04:54.944 [FXGL Background Thread 3 ] DEBUG Engine               - prefWidthProperty: ReadOnlyDoubleProperty [value: 800.0]
01:04:54.944 [FXGL Background Thread 3 ] DEBUG Engine               - profileDir: profiles/
01:04:54.944 [FXGL Background Thread 3 ] DEBUG Engine               - profileName: StringProperty [value: DEFAULT]
01:04:54.944 [FXGL Background Thread 3 ] DEBUG Engine               - randomSeed: -1
01:04:54.945 [FXGL Background Thread 3 ] DEBUG Engine               - runtimeInfo: RuntimeInfo(platform=WINDOWS, version=17.3, build=30.03.2023 11.49)
01:04:54.945 [FXGL Background Thread 3 ] DEBUG Engine               - saveFileExt: sav
01:04:54.945 [FXGL Background Thread 3 ] DEBUG Engine               - scaledHeightProp$fxgl: DoubleProperty [bound, value: 600.0]
01:04:54.945 [FXGL Background Thread 3 ] DEBUG Engine               - scaledWidthProp$fxgl: DoubleProperty [bound, value: 800.0]
01:04:54.945 [FXGL Background Thread 3 ] DEBUG Engine               - sceneFactory: com.almasb.fxgl.app.scene.SceneFactory@4e4a9c10
01:04:54.945 [FXGL Background Thread 3 ] DEBUG Engine               - secondsIn24h: 60
01:04:54.945 [FXGL Background Thread 3 ] DEBUG Engine               - soundMenuBack: menu/back.wav
01:04:54.945 [FXGL Background Thread 3 ] DEBUG Engine               - soundMenuPress: menu/press.wav
01:04:54.945 [FXGL Background Thread 3 ] DEBUG Engine               - soundMenuSelect: menu/select.wav
01:04:54.945 [FXGL Background Thread 3 ] DEBUG Engine               - soundNotification: core/notification.wav
01:04:54.945 [FXGL Background Thread 3 ] DEBUG Engine               - stageStyle: DECORATED
01:04:54.945 [FXGL Background Thread 3 ] DEBUG Engine               - supportedLanguages: [ENGLISH, FRENCH, GERMAN, HUNGARIAN, RUSSIAN]
01:04:54.945 [FXGL Background Thread 3 ] DEBUG Engine               - ticksPerSecond: -1
01:04:54.945 [FXGL Background Thread 3 ] DEBUG Engine               - title: Tetris Game
01:04:54.945 [FXGL Background Thread 3 ] DEBUG Engine               - urlGithub: https://github.com/AlmasB/FXGL
01:04:54.945 [FXGL Background Thread 3 ] DEBUG Engine               - urlLeaderboard: http://fxgl-top.herokuapp.com/
01:04:54.945 [FXGL Background Thread 3 ] DEBUG Engine               - urlPOM: https://raw.githubusercontent.com/AlmasB/FXGL/release/README.md
01:04:54.945 [FXGL Background Thread 3 ] DEBUG Engine               - userAppClass: class org.jair.tetris.tetris.TetrisApplication
01:04:54.946 [FXGL Background Thread 3 ] DEBUG Engine               - version: 0.1
01:04:54.946 [FXGL Background Thread 3 ] DEBUG Engine               - versionCheckDays: 7
01:04:54.946 [FXGL Background Thread 3 ] DEBUG Engine               - width: 800
01:04:54.946 [FXGL Background Thread 3 ] DEBUG Engine               - Logging services
01:04:54.946 [FXGL Background Thread 3 ] DEBUG Engine               - class com.almasb.fxgl.app.services.FXGLAssetLoaderService
01:04:54.946 [FXGL Background Thread 3 ] DEBUG Engine               - class com.almasb.fxgl.app.FXGLApplication$GameApplicationService
01:04:54.946 [FXGL Background Thread 3 ] DEBUG Engine               - class com.almasb.fxgl.app.services.FXGLDialogService
01:04:54.946 [FXGL Background Thread 3 ] DEBUG Engine               - class com.almasb.fxgl.app.services.IOTaskExecutorService
01:04:54.946 [FXGL Background Thread 3 ] DEBUG Engine               - class com.almasb.fxgl.io.FileSystemService
01:04:54.946 [FXGL Background Thread 3 ] DEBUG Engine               - class com.almasb.fxgl.localization.LocalizationService
01:04:54.946 [FXGL Background Thread 3 ] DEBUG Engine               - class com.almasb.fxgl.app.services.SystemBundleService
01:04:54.946 [FXGL Background Thread 3 ] DEBUG Engine               - class com.almasb.fxgl.profile.SaveLoadService
01:04:54.946 [FXGL Background Thread 3 ] DEBUG Engine               - class com.almasb.fxgl.ui.FXGLUIFactoryServiceProvider
01:04:54.946 [FXGL Background Thread 3 ] DEBUG Engine               - class com.almasb.fxgl.ui.FXGLDialogFactoryServiceProvider
01:04:54.946 [FXGL Background Thread 3 ] DEBUG Engine               - class com.almasb.fxgl.audio.AudioPlayer
01:04:54.946 [FXGL Background Thread 3 ] DEBUG Engine               - class com.almasb.fxgl.notification.impl.NotificationServiceProvider
01:04:54.946 [FXGL Background Thread 3 ] DEBUG Engine               - class com.almasb.fxgl.achievement.AchievementService
01:04:54.946 [FXGL Background Thread 3 ] DEBUG Engine               - class com.almasb.fxgl.cutscene.CutsceneService
01:04:54.946 [FXGL Background Thread 3 ] DEBUG Engine               - class com.almasb.fxgl.minigames.MiniGameService
01:04:54.946 [FXGL Background Thread 3 ] DEBUG Engine               - class com.almasb.fxgl.net.NetService
01:04:54.946 [FXGL Background Thread 3 ] DEBUG Engine               - class com.almasb.fxgl.app.services.UpdaterService
01:04:54.946 [FXGL Background Thread 3 ] DEBUG Engine               - class com.almasb.fxgl.dev.DevService
01:04:56.808 [JavaFX Application Thread] DEBUG FXGLApplication      - Exiting FXGL
01:04:56.808 [JavaFX Application Thread] DEBUG Async                - Shutting down background threads
01:04:56.808 [JavaFX Application Thread] DEBUG PrimaryStageWindow   - Closing main window
01:04:56.820 [JavaFX Application Thread] DEBUG Logger               - Closing Logger
