13:21:27.103 [main                     ] DEBUG Logger               - Configured Logger
13:21:27.195 [main                     ] DEBUG GameApplication      - Logging settings
Title: Tetris Game
Version: 0.1
Width: 800
Height: 600
Fullscreen: false
Intro: false
Profiling: false
Single step:false
App Mode: DEVELOPER
Menu Key: ESCAPE
Stage Style: DECORATED
Scene Factory: class com.almasb.fxgl.app.scene.SceneFactory

13:21:27.722 [JavaFX Application Thread] DEBUG FXGLApplication      - Initializing FXGL
13:21:27.735 [JavaFX Application Thread] INFO  Engine               - FXGL-17.3 (30.03.2023 11.49) on WINDOWS (J:17.0.10 FX:17.0.6)
13:21:27.735 [JavaFX Application Thread] DEBUG Engine               - JRE Vendor Name: Oracle Corporation
13:21:27.736 [JavaFX Application Thread] DEBUG Engine               - Running on OS: Windows 11 version 10.0
13:21:27.736 [JavaFX Application Thread] DEBUG Engine               - Architecture: amd64
13:21:27.736 [JavaFX Application Thread] INFO  Engine               - Source code and latest versions at: https://github.com/AlmasB/FXGL
13:21:27.737 [JavaFX Application Thread] INFO  Engine               -       Ask questions and discuss at: https://github.com/AlmasB/FXGL/discussions
13:21:27.737 [JavaFX Application Thread] INFO  Engine               -              Join the FXGL chat at: https://gitter.im/AlmasB/FXGL
13:21:27.877 [JavaFX Application Thread] DEBUG PrimaryStageWindow   - Creating a JavaFX scene
13:21:27.929 [JavaFX Application Thread] DEBUG PrimaryStageWindow   - Target settings size: 800.0 x 600.0
13:21:27.929 [JavaFX Application Thread] DEBUG PrimaryStageWindow   - Scaled scene size:    800.0 x 600.0
13:21:27.929 [JavaFX Application Thread] DEBUG PrimaryStageWindow   - Scaled ratio: (1.0, 1.0)
13:21:27.934 [JavaFX Application Thread] DEBUG PrimaryStageWindow   - Set initial scene to FXGLStartupScene
13:21:27.941 [JavaFX Application Thread] DEBUG PrimaryStageWindow   - Opening main window
13:21:28.083 [JavaFX Application Thread] DEBUG PrimaryStageWindow   - Window border size: (16.0, 39.0)
13:21:28.083 [JavaFX Application Thread] DEBUG PrimaryStageWindow   - Scaled size: 800.0 x 600.0
13:21:28.083 [JavaFX Application Thread] DEBUG PrimaryStageWindow   - Scaled ratio: (1.0, 1.0)
13:21:28.084 [JavaFX Application Thread] DEBUG PrimaryStageWindow   - Scene size: 800.0 x 600.0
13:21:28.084 [JavaFX Application Thread] DEBUG PrimaryStageWindow   - Stage size: 816.0 x 639.0
13:21:28.096 [FXGL Background Thread 1 ] DEBUG Engine               - Initializing environment variables
13:21:28.205 [FXGL Background Thread 1 ] DEBUG FXGLAssetLoaderServi - User app class for loading assets: class org.jair.tetris.tetris.TetrisApplication
13:21:28.206 [FXGL Background Thread 1 ] DEBUG GameApplicationServi - Applying CSS: fxgl_dark.css
13:21:28.207 [FXGL Background Thread 1 ] DEBUG FXGLAssetLoaderServi - Loading from file system: jar:file:///C:/Users/chama/.m2/repository/com/github/almasb/fxgl/17.3/fxgl-17.3.jar!/fxglassets/ui/css/fxgl_dark.css
13:21:28.286 [FXGL Background Thread 1 ] DEBUG GameApplicationServi - Initializing application scenes
13:21:28.406 [FXGL Background Thread 1 ] DEBUG GameWorld            - Game world initialized
13:21:28.504 [FXGL Background Thread 1 ] DEBUG PhysicsWorld         - Physics world initialized: appHeight=600, physics.ppm=50.0
13:21:28.506 [FXGL Background Thread 1 ] DEBUG PhysicsWorld         - Using strategy: BRUTE_FORCE
13:21:28.512 [FXGL Background Thread 1 ] DEBUG GameScene            - Game scene initialized: 800x600
13:21:28.546 [FXGL Background Thread 1 ] DEBUG FXGL.DefaultMenu     - createMenuBodyGameMenu()
13:21:28.573 [FXGL Background Thread 1 ] DEBUG FXGL.DefaultMenu     - createOptionsMenu()
13:21:28.616 [FXGL Background Thread 1 ] DEBUG FXGLAssetLoaderServi - Loading from file system: jar:file:///C:/Users/chama/.m2/repository/com/github/almasb/fxgl/17.3/fxgl-17.3.jar!/fxglassets/textures/particles/smoke.png
13:21:28.835 [FXGL Background Thread 1 ] DEBUG FXGLAssetLoaderServi - Loading from file system: jar:file:///C:/Users/chama/.m2/repository/com/github/almasb/fxgl/17.3/fxgl-17.3.jar!/fxglassets/textures/particles/trace_horizontal.png
13:21:28.879 [FXGL Background Thread 1 ] DEBUG GameApplicationServi - Application scenes initialized
13:21:28.918 [FXGL Background Thread 1 ] DEBUG SystemBundleService  - Loading FXGL system data
13:21:28.931 [FXGL Background Thread 1 ] DEBUG FileSystemAccess     - Reading from: C:\Users\chama\Desktop\java\Tetris-Java-Game\system\fxgl.bundle
13:21:28.943 [FXGL Background Thread 1 ] DEBUG SystemBundleService  - Bundle FXGL: {}
13:21:28.943 [FXGL Background Thread 1 ] DEBUG UpdaterService       - Checking for updates
13:21:28.948 [FXGL Background Thread 4 ] DEBUG FXGLApplication      - Loading fonts
13:21:28.949 [FXGL Background Thread 4 ] DEBUG FXGLAssetLoaderServi - Loading from file system: jar:file:///C:/Users/chama/.m2/repository/com/github/almasb/fxgl/17.3/fxgl-17.3.jar!/fxglassets/ui/fonts/VarelaRound-Regular.ttf
13:21:28.949 [FXGL Background Thread 1 ] DEBUG FXGLApplication      - Loading default localization
13:21:28.952 [FXGL Background Thread 1 ] DEBUG FXGLAssetLoaderServi - Loading from file system: jar:file:///C:/Users/chama/.m2/repository/com/github/almasb/fxgl/17.3/fxgl-17.3.jar!/fxglassets/languages/english.lang
13:21:29.046 [FXGL Background Thread 4 ] DEBUG FXGLAssetLoaderServi - Loading from file system: jar:file:///C:/Users/chama/.m2/repository/com/github/almasb/fxgl/17.3/fxgl-17.3.jar!/fxglassets/ui/fonts/Abel-Regular.ttf
13:21:29.051 [FXGL Background Thread 4 ] DEBUG FXGLAssetLoaderServi - Loading from file system: jar:file:///C:/Users/chama/.m2/repository/com/github/almasb/fxgl/17.3/fxgl-17.3.jar!/fxglassets/ui/fonts/TerminalLandMono-Regular.otf
13:21:29.057 [FXGL Background Thread 4 ] DEBUG FXGLAssetLoaderServi - Loading from file system: jar:file:///C:/Users/chama/.m2/repository/com/github/almasb/fxgl/17.3/fxgl-17.3.jar!/fxglassets/ui/fonts/Courier-Prime.ttf
13:21:29.060 [FXGL Background Thread 1 ] INFO  FXGLApplication      - FXGL initialization took: 0.964 sec
13:21:29.094 [JavaFX Application Thread] DEBUG Input                - Registered new binding: Move Right - Right
13:21:29.095 [JavaFX Application Thread] DEBUG Input                - Registered new binding: Move Left - Left
13:21:29.095 [JavaFX Application Thread] DEBUG Input                - Registered new binding: Move Down - Down
13:21:29.096 [JavaFX Application Thread] DEBUG Input                - Registered new binding: Rotate - Up
13:21:29.097 [JavaFX Application Thread] DEBUG FXGLAssetLoaderServi - Loading from file system: jar:file:///C:/Users/chama/.m2/repository/com/github/almasb/fxgl/17.3/fxgl-17.3.jar!/fxglassets/textures/fxgl_icon.png
13:21:29.136 [JavaFX Application Thread] DEBUG FXGLAssetLoaderServi - Loading from file system: jar:file:///C:/Users/chama/.m2/repository/com/github/almasb/fxgl/17.3/fxgl-17.3.jar!/fxglassets/textures/fxgl_default_cursor.png
13:21:29.147 [JavaFX Application Thread] DEBUG Input                - Registered new binding: Screenshot - CTRL+8
13:21:29.149 [JavaFX Application Thread] DEBUG Input                - Registered new binding: System info dump - CTRL+9
13:21:29.151 [JavaFX Application Thread] DEBUG Input                - Registered new binding: Restart - CTRL+R
13:21:29.155 [JavaFX Application Thread] DEBUG Input                - Registered new binding: Toggle Debug Camera - CTRL+7
13:21:29.166 [JavaFX Application Thread] DEBUG LoopRunner           - Starting loop
13:21:29.167 [JavaFX Application Thread] DEBUG LoopRunner           - Initializing JavaFX AnimationTimerLoop
13:21:29.171 [JavaFX Application Thread] DEBUG GameApplicationServi - Starting new game
13:21:29.173 [JavaFX Application Thread] DEBUG Input                - Clearing active input actions
13:21:29.197 [JavaFX Application Thread] DEBUG GameApplicationServi - Removing overlay from FXGLStartupScene and adding to FXGLLoadingScene
13:21:29.198 [JavaFX Application Thread] DEBUG PrimaryStageWindow   - FXGLStartupScene -> FXGLLoadingScene
13:21:29.198 [JavaFX Application Thread] DEBUG GameApplicationServi - Clearing previous game
13:21:29.198 [JavaFX Application Thread] DEBUG GameScene            - Clearing game scene
13:21:29.198 [JavaFX Application Thread] DEBUG GameWorld            - Clearing game world
13:21:29.198 [JavaFX Application Thread] DEBUG PhysicsWorld         - Clearing physics world
13:21:29.204 [JavaFX Application Thread] DEBUG FXGLApplication      - Registering font factories with UI factory
13:21:29.204 [FXGL Background Thread 4 ] DEBUG FXGLApplication      - Initializing game
13:21:29.228 [FXGL Background Thread 4 ] INFO  FXGLApplication      - Game initialization took: 0.024 sec
13:21:29.320 [JavaFX Application Thread] DEBUG Input                - Clearing active input actions
13:21:29.333 [JavaFX Application Thread] DEBUG GameApplicationServi - Removing overlay from FXGLLoadingScene and adding to GameScene
13:21:29.334 [JavaFX Application Thread] DEBUG PrimaryStageWindow   - FXGLLoadingScene -> GameScene
13:21:29.837 [FXGL Background Thread 2 ] INFO  UpdaterService       - Your current version:  17.3
13:21:29.837 [FXGL Background Thread 2 ] INFO  UpdaterService       - Latest stable version: 21.1
13:21:31.947 [FXGL Background Thread 3 ] DEBUG Engine               - Logging environment variables
13:21:31.948 [FXGL Background Thread 3 ] DEBUG Engine               - achievements: []
13:21:31.948 [FXGL Background Thread 3 ] DEBUG Engine               - actualHeight: 600.0
13:21:31.948 [FXGL Background Thread 3 ] DEBUG Engine               - actualHeightProperty: ReadOnlyDoubleProperty [value: 600.0]
13:21:31.948 [FXGL Background Thread 3 ] DEBUG Engine               - actualWidth: 800.0
13:21:31.948 [FXGL Background Thread 3 ] DEBUG Engine               - actualWidthProperty: ReadOnlyDoubleProperty [value: 800.0]
13:21:31.948 [FXGL Background Thread 3 ] DEBUG Engine               - appIcon: fxgl_icon.png
13:21:31.948 [FXGL Background Thread 3 ] DEBUG Engine               - applicationMode: DEVELOPER
13:21:31.948 [FXGL Background Thread 3 ] DEBUG Engine               - cSSList: [fxgl_dark.css]
13:21:31.948 [FXGL Background Thread 3 ] DEBUG Engine               - collisionDetectionStrategy: BRUTE_FORCE
13:21:31.948 [FXGL Background Thread 3 ] DEBUG Engine               - configClass: Optional.empty
13:21:31.948 [FXGL Background Thread 3 ] DEBUG Engine               - credits: []
13:21:31.952 [FXGL Background Thread 3 ] DEBUG Engine               - defaultCursor: CursorInfo(imageName=fxgl_default_cursor.png, hotspotX=7.0, hotspotY=6.0)
13:21:31.952 [FXGL Background Thread 3 ] DEBUG Engine               - devBBoxColorProperty: ObjectProperty [value: 0xff0000ff]
13:21:31.952 [FXGL Background Thread 3 ] DEBUG Engine               - devEnableDebugCameraProperty: BooleanProperty [value: false]
13:21:31.952 [FXGL Background Thread 3 ] DEBUG Engine               - devSensorColorProperty: ObjectProperty [value: 0xffff00ff]
13:21:31.952 [FXGL Background Thread 3 ] DEBUG Engine               - devShowBBoxProperty: BooleanProperty [value: false]
13:21:31.952 [FXGL Background Thread 3 ] DEBUG Engine               - devShowPositionProperty: BooleanProperty [value: false]
13:21:31.952 [FXGL Background Thread 3 ] DEBUG Engine               - enabledMenuItems: []
13:21:31.952 [FXGL Background Thread 3 ] DEBUG Engine               - engineServices: [class com.almasb.fxgl.app.services.FXGLAssetLoaderService, class com.almasb.fxgl.app.FXGLApplication$GameApplicationService, class com.almasb.fxgl.app.services.FXGLDialogService, class com.almasb.fxgl.app.services.IOTaskExecutorService, class com.almasb.fxgl.io.FileSystemService, class com.almasb.fxgl.localization.LocalizationService, class com.almasb.fxgl.app.services.SystemBundleService, class com.almasb.fxgl.profile.SaveLoadService, class com.almasb.fxgl.ui.FXGLUIFactoryServiceProvider, class com.almasb.fxgl.ui.FXGLDialogFactoryServiceProvider, class com.almasb.fxgl.audio.AudioPlayer, class com.almasb.fxgl.notification.impl.NotificationServiceProvider, class com.almasb.fxgl.achievement.AchievementService, class com.almasb.fxgl.cutscene.CutsceneService, class com.almasb.fxgl.minigames.MiniGameService, class com.almasb.fxgl.net.NetService, class com.almasb.fxgl.app.services.UpdaterService, class com.almasb.fxgl.dev.DevService]
13:21:31.952 [FXGL Background Thread 3 ] DEBUG Engine               - fontGame: Abel-Regular.ttf
13:21:31.952 [FXGL Background Thread 3 ] DEBUG Engine               - fontMono: TerminalLandMono-Regular.otf
13:21:31.952 [FXGL Background Thread 3 ] DEBUG Engine               - fontSizeScaleUI: 1.0
13:21:31.952 [FXGL Background Thread 3 ] DEBUG Engine               - fontText: Courier-Prime.ttf
13:21:31.953 [FXGL Background Thread 3 ] DEBUG Engine               - fontUI: VarelaRound-Regular.ttf
13:21:31.953 [FXGL Background Thread 3 ] DEBUG Engine               - fullScreen: BooleanProperty [value: false]
13:21:31.953 [FXGL Background Thread 3 ] DEBUG Engine               - gameDifficulty: MEDIUM
13:21:31.953 [FXGL Background Thread 3 ] DEBUG Engine               - gameDifficultyProperty: ObjectProperty [value: MEDIUM]
13:21:31.953 [FXGL Background Thread 3 ] DEBUG Engine               - globalMusicVolume: 0.5
13:21:31.953 [FXGL Background Thread 3 ] DEBUG Engine               - globalMusicVolumeProperty: DoubleProperty [value: 0.5]
13:21:31.953 [FXGL Background Thread 3 ] DEBUG Engine               - globalSoundVolume: 0.5
13:21:31.953 [FXGL Background Thread 3 ] DEBUG Engine               - globalSoundVolumeProperty: DoubleProperty [value: 0.5]
13:21:31.953 [FXGL Background Thread 3 ] DEBUG Engine               - height: 600
13:21:31.953 [FXGL Background Thread 3 ] DEBUG Engine               - is3D: false
13:21:31.953 [FXGL Background Thread 3 ] DEBUG Engine               - isAndroid: false
13:21:31.954 [FXGL Background Thread 3 ] DEBUG Engine               - isBrowser: false
13:21:31.954 [FXGL Background Thread 3 ] DEBUG Engine               - isClickFeedbackEnabled: false
13:21:31.954 [FXGL Background Thread 3 ] DEBUG Engine               - isCloseConfirmation: false
13:21:31.954 [FXGL Background Thread 3 ] DEBUG Engine               - isDesktop: true
13:21:31.954 [FXGL Background Thread 3 ] DEBUG Engine               - isDeveloperMenuEnabled: false
13:21:31.954 [FXGL Background Thread 3 ] DEBUG Engine               - isEmbedded: false
13:21:31.954 [FXGL Background Thread 3 ] DEBUG Engine               - isEntityPreloadEnabled: true
13:21:31.954 [FXGL Background Thread 3 ] DEBUG Engine               - isExperimentalTiledLargeMap: false
13:21:31.954 [FXGL Background Thread 3 ] DEBUG Engine               - isFileSystemWriteAllowed: true
13:21:31.954 [FXGL Background Thread 3 ] DEBUG Engine               - isFullScreenAllowed: false
13:21:31.954 [FXGL Background Thread 3 ] DEBUG Engine               - isFullScreenFromStart: false
13:21:31.954 [FXGL Background Thread 3 ] DEBUG Engine               - isGameMenuEnabled: true
13:21:31.954 [FXGL Background Thread 3 ] DEBUG Engine               - isIOS: false
13:21:31.954 [FXGL Background Thread 3 ] DEBUG Engine               - isIntroEnabled: false
13:21:31.954 [FXGL Background Thread 3 ] DEBUG Engine               - isLinux: false
13:21:31.954 [FXGL Background Thread 3 ] DEBUG Engine               - isMac: false
13:21:31.955 [FXGL Background Thread 3 ] DEBUG Engine               - isMainMenuEnabled: false
13:21:31.955 [FXGL Background Thread 3 ] DEBUG Engine               - isManualResizeEnabled: false
13:21:31.955 [FXGL Background Thread 3 ] DEBUG Engine               - isMobile: false
13:21:31.955 [FXGL Background Thread 3 ] DEBUG Engine               - isNative: false
13:21:31.955 [FXGL Background Thread 3 ] DEBUG Engine               - isPauseMusicWhenMinimized: true
13:21:31.955 [FXGL Background Thread 3 ] DEBUG Engine               - isPreserveResizeRatio: false
13:21:31.955 [FXGL Background Thread 3 ] DEBUG Engine               - isProfilingEnabled: false
13:21:31.955 [FXGL Background Thread 3 ] DEBUG Engine               - isScaleAffectedOnResize: true
13:21:31.955 [FXGL Background Thread 3 ] DEBUG Engine               - isSingleStep: false
13:21:31.955 [FXGL Background Thread 3 ] DEBUG Engine               - isUserProfileEnabled: false
13:21:31.955 [FXGL Background Thread 3 ] DEBUG Engine               - isWindows: true
13:21:31.955 [FXGL Background Thread 3 ] DEBUG Engine               - language: ObjectProperty [value: ENGLISH]
13:21:31.955 [FXGL Background Thread 3 ] DEBUG Engine               - menuKey: ESCAPE
13:21:31.955 [FXGL Background Thread 3 ] DEBUG Engine               - mouseSensitivity: 0.2
13:21:31.955 [FXGL Background Thread 3 ] DEBUG Engine               - notificationViewClass: class com.almasb.fxgl.notification.view.XboxNotificationView
13:21:31.955 [FXGL Background Thread 3 ] DEBUG Engine               - pixelsPerMeter: 50.0
13:21:31.955 [FXGL Background Thread 3 ] DEBUG Engine               - platform: WINDOWS
13:21:31.955 [FXGL Background Thread 3 ] DEBUG Engine               - prefHeightProperty: ReadOnlyDoubleProperty [value: 600.0]
13:21:31.956 [FXGL Background Thread 3 ] DEBUG Engine               - prefWidthProperty: ReadOnlyDoubleProperty [value: 800.0]
13:21:31.956 [FXGL Background Thread 3 ] DEBUG Engine               - profileDir: profiles/
13:21:31.956 [FXGL Background Thread 3 ] DEBUG Engine               - profileName: StringProperty [value: DEFAULT]
13:21:31.956 [FXGL Background Thread 3 ] DEBUG Engine               - randomSeed: -1
13:21:31.957 [FXGL Background Thread 3 ] DEBUG Engine               - runtimeInfo: RuntimeInfo(platform=WINDOWS, version=17.3, build=30.03.2023 11.49)
13:21:31.957 [FXGL Background Thread 3 ] DEBUG Engine               - saveFileExt: sav
13:21:31.957 [FXGL Background Thread 3 ] DEBUG Engine               - scaledHeightProp$fxgl: DoubleProperty [bound, value: 600.0]
13:21:31.957 [FXGL Background Thread 3 ] DEBUG Engine               - scaledWidthProp$fxgl: DoubleProperty [bound, value: 800.0]
13:21:31.957 [FXGL Background Thread 3 ] DEBUG Engine               - sceneFactory: com.almasb.fxgl.app.scene.SceneFactory@49859a20
13:21:31.957 [FXGL Background Thread 3 ] DEBUG Engine               - secondsIn24h: 60
13:21:31.957 [FXGL Background Thread 3 ] DEBUG Engine               - soundMenuBack: menu/back.wav
13:21:31.957 [FXGL Background Thread 3 ] DEBUG Engine               - soundMenuPress: menu/press.wav
13:21:31.957 [FXGL Background Thread 3 ] DEBUG Engine               - soundMenuSelect: menu/select.wav
13:21:31.957 [FXGL Background Thread 3 ] DEBUG Engine               - soundNotification: core/notification.wav
13:21:31.957 [FXGL Background Thread 3 ] DEBUG Engine               - stageStyle: DECORATED
13:21:31.957 [FXGL Background Thread 3 ] DEBUG Engine               - supportedLanguages: [ENGLISH, FRENCH, GERMAN, HUNGARIAN, RUSSIAN]
13:21:31.957 [FXGL Background Thread 3 ] DEBUG Engine               - ticksPerSecond: -1
13:21:31.957 [FXGL Background Thread 3 ] DEBUG Engine               - title: Tetris Game
13:21:31.957 [FXGL Background Thread 3 ] DEBUG Engine               - urlGithub: https://github.com/AlmasB/FXGL
13:21:31.957 [FXGL Background Thread 3 ] DEBUG Engine               - urlLeaderboard: http://fxgl-top.herokuapp.com/
13:21:31.957 [FXGL Background Thread 3 ] DEBUG Engine               - urlPOM: https://raw.githubusercontent.com/AlmasB/FXGL/release/README.md
13:21:31.958 [FXGL Background Thread 3 ] DEBUG Engine               - userAppClass: class org.jair.tetris.tetris.TetrisApplication
13:21:31.958 [FXGL Background Thread 3 ] DEBUG Engine               - version: 0.1
13:21:31.958 [FXGL Background Thread 3 ] DEBUG Engine               - versionCheckDays: 7
13:21:31.958 [FXGL Background Thread 3 ] DEBUG Engine               - width: 800
13:21:31.958 [FXGL Background Thread 3 ] DEBUG Engine               - Logging services
13:21:31.958 [FXGL Background Thread 3 ] DEBUG Engine               - class com.almasb.fxgl.app.services.FXGLAssetLoaderService
13:21:31.958 [FXGL Background Thread 3 ] DEBUG Engine               - class com.almasb.fxgl.app.FXGLApplication$GameApplicationService
13:21:31.958 [FXGL Background Thread 3 ] DEBUG Engine               - class com.almasb.fxgl.app.services.FXGLDialogService
13:21:31.958 [FXGL Background Thread 3 ] DEBUG Engine               - class com.almasb.fxgl.app.services.IOTaskExecutorService
13:21:31.958 [FXGL Background Thread 3 ] DEBUG Engine               - class com.almasb.fxgl.io.FileSystemService
13:21:31.958 [FXGL Background Thread 3 ] DEBUG Engine               - class com.almasb.fxgl.localization.LocalizationService
13:21:31.958 [FXGL Background Thread 3 ] DEBUG Engine               - class com.almasb.fxgl.app.services.SystemBundleService
13:21:31.958 [FXGL Background Thread 3 ] DEBUG Engine               - class com.almasb.fxgl.profile.SaveLoadService
13:21:31.958 [FXGL Background Thread 3 ] DEBUG Engine               - class com.almasb.fxgl.ui.FXGLUIFactoryServiceProvider
13:21:31.958 [FXGL Background Thread 3 ] DEBUG Engine               - class com.almasb.fxgl.ui.FXGLDialogFactoryServiceProvider
13:21:31.958 [FXGL Background Thread 3 ] DEBUG Engine               - class com.almasb.fxgl.audio.AudioPlayer
13:21:31.959 [FXGL Background Thread 3 ] DEBUG Engine               - class com.almasb.fxgl.notification.impl.NotificationServiceProvider
13:21:31.959 [FXGL Background Thread 3 ] DEBUG Engine               - class com.almasb.fxgl.achievement.AchievementService
13:21:31.959 [FXGL Background Thread 3 ] DEBUG Engine               - class com.almasb.fxgl.cutscene.CutsceneService
13:21:31.959 [FXGL Background Thread 3 ] DEBUG Engine               - class com.almasb.fxgl.minigames.MiniGameService
13:21:31.959 [FXGL Background Thread 3 ] DEBUG Engine               - class com.almasb.fxgl.net.NetService
13:21:31.959 [FXGL Background Thread 3 ] DEBUG Engine               - class com.almasb.fxgl.app.services.UpdaterService
13:21:31.959 [FXGL Background Thread 3 ] DEBUG Engine               - class com.almasb.fxgl.dev.DevService
13:22:18.040 [JavaFX Application Thread] DEBUG FXGLApplication      - Exiting FXGL
13:22:18.041 [JavaFX Application Thread] DEBUG LoopRunner           - Stopping loop
13:22:18.041 [JavaFX Application Thread] DEBUG SystemBundleService  - Saving FXGL system data
13:22:18.044 [JavaFX Application Thread] DEBUG FileSystemAccess     - Writing to: C:\Users\chama\Desktop\java\Tetris-Java-Game\system\fxgl.bundle
13:22:18.046 [JavaFX Application Thread] DEBUG Async                - Shutting down background threads
13:22:18.046 [JavaFX Application Thread] DEBUG PrimaryStageWindow   - Closing main window
13:22:18.069 [JavaFX Application Thread] DEBUG Logger               - Closing Logger
