13:18:38.192 [main                     ] DEBUG Logger               - Configured Logger
13:18:38.254 [main                     ] DEBUG GameApplication      - Logging settings
Title: Tetris Game
Version: 0.1
Width: 800
Height: 600
Fullscreen: false
Intro: false
Profiling: false
Single step:false
App Mode: DEVELOPER
Menu Key: ESCAPE
Stage Style: DECORATED
Scene Factory: class com.almasb.fxgl.app.scene.SceneFactory

13:18:38.783 [JavaFX Application Thread] DEBUG FXGLApplication      - Initializing FXGL
13:18:38.798 [JavaFX Application Thread] INFO  Engine               - FXGL-17.3 (30.03.2023 11.49) on WINDOWS (J:17.0.10 FX:17.0.6)
13:18:38.798 [JavaFX Application Thread] DEBUG Engine               - JRE Vendor Name: Oracle Corporation
13:18:38.799 [JavaFX Application Thread] DEBUG Engine               - Running on OS: Windows 11 version 10.0
13:18:38.799 [JavaFX Application Thread] DEBUG Engine               - Architecture: amd64
13:18:38.799 [JavaFX Application Thread] INFO  Engine               - Source code and latest versions at: https://github.com/AlmasB/FXGL
13:18:38.799 [JavaFX Application Thread] INFO  Engine               -       Ask questions and discuss at: https://github.com/AlmasB/FXGL/discussions
13:18:38.800 [JavaFX Application Thread] INFO  Engine               -              Join the FXGL chat at: https://gitter.im/AlmasB/FXGL
13:18:38.915 [JavaFX Application Thread] DEBUG PrimaryStageWindow   - Creating a JavaFX scene
13:18:38.964 [JavaFX Application Thread] DEBUG PrimaryStageWindow   - Target settings size: 800.0 x 600.0
13:18:38.965 [JavaFX Application Thread] DEBUG PrimaryStageWindow   - Scaled scene size:    800.0 x 600.0
13:18:38.965 [JavaFX Application Thread] DEBUG PrimaryStageWindow   - Scaled ratio: (1.0, 1.0)
13:18:38.969 [JavaFX Application Thread] DEBUG PrimaryStageWindow   - Set initial scene to FXGLStartupScene
13:18:38.979 [JavaFX Application Thread] DEBUG PrimaryStageWindow   - Opening main window
13:18:39.115 [JavaFX Application Thread] DEBUG PrimaryStageWindow   - Window border size: (16.0, 39.0)
13:18:39.116 [JavaFX Application Thread] DEBUG PrimaryStageWindow   - Scaled size: 800.0 x 600.0
13:18:39.116 [JavaFX Application Thread] DEBUG PrimaryStageWindow   - Scaled ratio: (1.0, 1.0)
13:18:39.117 [JavaFX Application Thread] DEBUG PrimaryStageWindow   - Scene size: 800.0 x 600.0
13:18:39.117 [JavaFX Application Thread] DEBUG PrimaryStageWindow   - Stage size: 816.0 x 639.0
13:18:39.131 [FXGL Background Thread 1 ] DEBUG Engine               - Initializing environment variables
13:18:39.232 [FXGL Background Thread 1 ] DEBUG FXGLAssetLoaderServi - User app class for loading assets: class org.jair.tetris.tetris.TetrisApplication
13:18:39.232 [FXGL Background Thread 1 ] DEBUG GameApplicationServi - Applying CSS: fxgl_dark.css
13:18:39.233 [FXGL Background Thread 1 ] DEBUG FXGLAssetLoaderServi - Loading from file system: jar:file:///C:/Users/chama/.m2/repository/com/github/almasb/fxgl/17.3/fxgl-17.3.jar!/fxglassets/ui/css/fxgl_dark.css
13:18:39.333 [FXGL Background Thread 1 ] DEBUG GameApplicationServi - Initializing application scenes
13:18:39.438 [FXGL Background Thread 1 ] DEBUG GameWorld            - Game world initialized
13:18:39.539 [FXGL Background Thread 1 ] DEBUG PhysicsWorld         - Physics world initialized: appHeight=600, physics.ppm=50.0
13:18:39.539 [FXGL Background Thread 1 ] DEBUG PhysicsWorld         - Using strategy: BRUTE_FORCE
13:18:39.556 [FXGL Background Thread 1 ] DEBUG GameScene            - Game scene initialized: 800x600
13:18:39.605 [FXGL Background Thread 1 ] DEBUG FXGL.DefaultMenu     - createMenuBodyGameMenu()
13:18:39.646 [FXGL Background Thread 1 ] DEBUG FXGL.DefaultMenu     - createOptionsMenu()
13:18:39.668 [FXGL Background Thread 1 ] DEBUG FXGLAssetLoaderServi - Loading from file system: jar:file:///C:/Users/chama/.m2/repository/com/github/almasb/fxgl/17.3/fxgl-17.3.jar!/fxglassets/textures/particles/smoke.png
13:18:39.876 [FXGL Background Thread 1 ] DEBUG FXGLAssetLoaderServi - Loading from file system: jar:file:///C:/Users/chama/.m2/repository/com/github/almasb/fxgl/17.3/fxgl-17.3.jar!/fxglassets/textures/particles/trace_horizontal.png
13:18:39.928 [FXGL Background Thread 1 ] DEBUG GameApplicationServi - Application scenes initialized
13:18:39.963 [FXGL Background Thread 1 ] DEBUG SystemBundleService  - Loading FXGL system data
13:18:39.968 [FXGL Background Thread 1 ] DEBUG FileSystemAccess     - Reading from: C:\Users\chama\Desktop\java\Tetris-Java-Game\system\fxgl.bundle
13:18:39.988 [FXGL Background Thread 1 ] DEBUG SystemBundleService  - Bundle FXGL: {}
13:18:39.988 [FXGL Background Thread 1 ] DEBUG UpdaterService       - Checking for updates
13:18:39.998 [FXGL Background Thread 4 ] DEBUG FXGLApplication      - Loading fonts
13:18:39.999 [FXGL Background Thread 4 ] DEBUG FXGLAssetLoaderServi - Loading from file system: jar:file:///C:/Users/chama/.m2/repository/com/github/almasb/fxgl/17.3/fxgl-17.3.jar!/fxglassets/ui/fonts/VarelaRound-Regular.ttf
13:18:40.003 [FXGL Background Thread 1 ] DEBUG FXGLApplication      - Loading default localization
13:18:40.008 [FXGL Background Thread 1 ] DEBUG FXGLAssetLoaderServi - Loading from file system: jar:file:///C:/Users/chama/.m2/repository/com/github/almasb/fxgl/17.3/fxgl-17.3.jar!/fxglassets/languages/english.lang
13:18:40.068 [FXGL Background Thread 1 ] INFO  FXGLApplication      - FXGL initialization took: 0.938 sec
13:18:40.099 [FXGL Background Thread 4 ] DEBUG FXGLAssetLoaderServi - Loading from file system: jar:file:///C:/Users/chama/.m2/repository/com/github/almasb/fxgl/17.3/fxgl-17.3.jar!/fxglassets/ui/fonts/Abel-Regular.ttf
13:18:40.103 [FXGL Background Thread 4 ] DEBUG FXGLAssetLoaderServi - Loading from file system: jar:file:///C:/Users/chama/.m2/repository/com/github/almasb/fxgl/17.3/fxgl-17.3.jar!/fxglassets/ui/fonts/TerminalLandMono-Regular.otf
13:18:40.109 [FXGL Background Thread 4 ] DEBUG FXGLAssetLoaderServi - Loading from file system: jar:file:///C:/Users/chama/.m2/repository/com/github/almasb/fxgl/17.3/fxgl-17.3.jar!/fxglassets/ui/fonts/Courier-Prime.ttf
13:18:40.133 [JavaFX Application Thread] DEBUG Input                - Registered new binding: Move Right - Right
13:18:40.133 [JavaFX Application Thread] DEBUG Input                - Registered new binding: Move Left - Left
13:18:40.134 [JavaFX Application Thread] DEBUG Input                - Registered new binding: Move Down - Down
13:18:40.135 [JavaFX Application Thread] DEBUG FXGLAssetLoaderServi - Loading from file system: jar:file:///C:/Users/chama/.m2/repository/com/github/almasb/fxgl/17.3/fxgl-17.3.jar!/fxglassets/textures/fxgl_icon.png
13:18:40.162 [JavaFX Application Thread] DEBUG FXGLAssetLoaderServi - Loading from file system: jar:file:///C:/Users/chama/.m2/repository/com/github/almasb/fxgl/17.3/fxgl-17.3.jar!/fxglassets/textures/fxgl_default_cursor.png
13:18:40.172 [JavaFX Application Thread] DEBUG Input                - Registered new binding: Screenshot - CTRL+8
13:18:40.174 [JavaFX Application Thread] DEBUG Input                - Registered new binding: System info dump - CTRL+9
13:18:40.175 [JavaFX Application Thread] DEBUG Input                - Registered new binding: Restart - CTRL+R
13:18:40.178 [JavaFX Application Thread] DEBUG Input                - Registered new binding: Toggle Debug Camera - CTRL+7
13:18:40.188 [JavaFX Application Thread] DEBUG LoopRunner           - Starting loop
13:18:40.188 [JavaFX Application Thread] DEBUG LoopRunner           - Initializing JavaFX AnimationTimerLoop
13:18:40.196 [JavaFX Application Thread] DEBUG GameApplicationServi - Starting new game
13:18:40.197 [JavaFX Application Thread] DEBUG Input                - Clearing active input actions
13:18:40.218 [JavaFX Application Thread] DEBUG GameApplicationServi - Removing overlay from FXGLStartupScene and adding to FXGLLoadingScene
13:18:40.219 [JavaFX Application Thread] DEBUG PrimaryStageWindow   - FXGLStartupScene -> FXGLLoadingScene
13:18:40.219 [JavaFX Application Thread] DEBUG GameApplicationServi - Clearing previous game
13:18:40.219 [JavaFX Application Thread] DEBUG GameScene            - Clearing game scene
13:18:40.219 [JavaFX Application Thread] DEBUG GameWorld            - Clearing game world
13:18:40.220 [JavaFX Application Thread] DEBUG PhysicsWorld         - Clearing physics world
13:18:40.225 [FXGL Background Thread 4 ] DEBUG FXGLApplication      - Initializing game
13:18:40.225 [JavaFX Application Thread] DEBUG FXGLApplication      - Registering font factories with UI factory
13:18:40.248 [FXGL Background Thread 4 ] INFO  FXGLApplication      - Game initialization took: 0.022 sec
13:18:40.334 [JavaFX Application Thread] DEBUG Input                - Clearing active input actions
13:18:40.349 [JavaFX Application Thread] DEBUG GameApplicationServi - Removing overlay from FXGLLoadingScene and adding to GameScene
13:18:40.349 [JavaFX Application Thread] DEBUG PrimaryStageWindow   - FXGLLoadingScene -> GameScene
13:18:41.301 [FXGL Background Thread 2 ] INFO  UpdaterService       - Your current version:  17.3
13:18:41.301 [FXGL Background Thread 2 ] INFO  UpdaterService       - Latest stable version: 21.1
13:18:42.996 [FXGL Background Thread 3 ] DEBUG Engine               - Logging environment variables
13:18:42.997 [FXGL Background Thread 3 ] DEBUG Engine               - achievements: []
13:18:42.997 [FXGL Background Thread 3 ] DEBUG Engine               - actualHeight: 600.0
13:18:42.997 [FXGL Background Thread 3 ] DEBUG Engine               - actualHeightProperty: ReadOnlyDoubleProperty [value: 600.0]
13:18:42.997 [FXGL Background Thread 3 ] DEBUG Engine               - actualWidth: 800.0
13:18:42.998 [FXGL Background Thread 3 ] DEBUG Engine               - actualWidthProperty: ReadOnlyDoubleProperty [value: 800.0]
13:18:42.998 [FXGL Background Thread 3 ] DEBUG Engine               - appIcon: fxgl_icon.png
13:18:42.998 [FXGL Background Thread 3 ] DEBUG Engine               - applicationMode: DEVELOPER
13:18:42.998 [FXGL Background Thread 3 ] DEBUG Engine               - cSSList: [fxgl_dark.css]
13:18:42.998 [FXGL Background Thread 3 ] DEBUG Engine               - collisionDetectionStrategy: BRUTE_FORCE
13:18:42.998 [FXGL Background Thread 3 ] DEBUG Engine               - configClass: Optional.empty
13:18:42.998 [FXGL Background Thread 3 ] DEBUG Engine               - credits: []
13:18:43.000 [FXGL Background Thread 3 ] DEBUG Engine               - defaultCursor: CursorInfo(imageName=fxgl_default_cursor.png, hotspotX=7.0, hotspotY=6.0)
13:18:43.000 [FXGL Background Thread 3 ] DEBUG Engine               - devBBoxColorProperty: ObjectProperty [value: 0xff0000ff]
13:18:43.000 [FXGL Background Thread 3 ] DEBUG Engine               - devEnableDebugCameraProperty: BooleanProperty [value: false]
13:18:43.000 [FXGL Background Thread 3 ] DEBUG Engine               - devSensorColorProperty: ObjectProperty [value: 0xffff00ff]
13:18:43.000 [FXGL Background Thread 3 ] DEBUG Engine               - devShowBBoxProperty: BooleanProperty [value: false]
13:18:43.000 [FXGL Background Thread 3 ] DEBUG Engine               - devShowPositionProperty: BooleanProperty [value: false]
13:18:43.000 [FXGL Background Thread 3 ] DEBUG Engine               - enabledMenuItems: []
13:18:43.000 [FXGL Background Thread 3 ] DEBUG Engine               - engineServices: [class com.almasb.fxgl.app.services.FXGLAssetLoaderService, class com.almasb.fxgl.app.FXGLApplication$GameApplicationService, class com.almasb.fxgl.app.services.FXGLDialogService, class com.almasb.fxgl.app.services.IOTaskExecutorService, class com.almasb.fxgl.io.FileSystemService, class com.almasb.fxgl.localization.LocalizationService, class com.almasb.fxgl.app.services.SystemBundleService, class com.almasb.fxgl.profile.SaveLoadService, class com.almasb.fxgl.ui.FXGLUIFactoryServiceProvider, class com.almasb.fxgl.ui.FXGLDialogFactoryServiceProvider, class com.almasb.fxgl.audio.AudioPlayer, class com.almasb.fxgl.notification.impl.NotificationServiceProvider, class com.almasb.fxgl.achievement.AchievementService, class com.almasb.fxgl.cutscene.CutsceneService, class com.almasb.fxgl.minigames.MiniGameService, class com.almasb.fxgl.net.NetService, class com.almasb.fxgl.app.services.UpdaterService, class com.almasb.fxgl.dev.DevService]
13:18:43.000 [FXGL Background Thread 3 ] DEBUG Engine               - fontGame: Abel-Regular.ttf
13:18:43.001 [FXGL Background Thread 3 ] DEBUG Engine               - fontMono: TerminalLandMono-Regular.otf
13:18:43.001 [FXGL Background Thread 3 ] DEBUG Engine               - fontSizeScaleUI: 1.0
13:18:43.001 [FXGL Background Thread 3 ] DEBUG Engine               - fontText: Courier-Prime.ttf
13:18:43.001 [FXGL Background Thread 3 ] DEBUG Engine               - fontUI: VarelaRound-Regular.ttf
13:18:43.001 [FXGL Background Thread 3 ] DEBUG Engine               - fullScreen: BooleanProperty [value: false]
13:18:43.001 [FXGL Background Thread 3 ] DEBUG Engine               - gameDifficulty: MEDIUM
13:18:43.001 [FXGL Background Thread 3 ] DEBUG Engine               - gameDifficultyProperty: ObjectProperty [value: MEDIUM]
13:18:43.001 [FXGL Background Thread 3 ] DEBUG Engine               - globalMusicVolume: 0.5
13:18:43.002 [FXGL Background Thread 3 ] DEBUG Engine               - globalMusicVolumeProperty: DoubleProperty [value: 0.5]
13:18:43.002 [FXGL Background Thread 3 ] DEBUG Engine               - globalSoundVolume: 0.5
13:18:43.002 [FXGL Background Thread 3 ] DEBUG Engine               - globalSoundVolumeProperty: DoubleProperty [value: 0.5]
13:18:43.002 [FXGL Background Thread 3 ] DEBUG Engine               - height: 600
13:18:43.002 [FXGL Background Thread 3 ] DEBUG Engine               - is3D: false
13:18:43.002 [FXGL Background Thread 3 ] DEBUG Engine               - isAndroid: false
13:18:43.002 [FXGL Background Thread 3 ] DEBUG Engine               - isBrowser: false
13:18:43.002 [FXGL Background Thread 3 ] DEBUG Engine               - isClickFeedbackEnabled: false
13:18:43.002 [FXGL Background Thread 3 ] DEBUG Engine               - isCloseConfirmation: false
13:18:43.003 [FXGL Background Thread 3 ] DEBUG Engine               - isDesktop: true
13:18:43.003 [FXGL Background Thread 3 ] DEBUG Engine               - isDeveloperMenuEnabled: false
13:18:43.003 [FXGL Background Thread 3 ] DEBUG Engine               - isEmbedded: false
13:18:43.003 [FXGL Background Thread 3 ] DEBUG Engine               - isEntityPreloadEnabled: true
13:18:43.003 [FXGL Background Thread 3 ] DEBUG Engine               - isExperimentalTiledLargeMap: false
13:18:43.003 [FXGL Background Thread 3 ] DEBUG Engine               - isFileSystemWriteAllowed: true
13:18:43.003 [FXGL Background Thread 3 ] DEBUG Engine               - isFullScreenAllowed: false
13:18:43.003 [FXGL Background Thread 3 ] DEBUG Engine               - isFullScreenFromStart: false
13:18:43.003 [FXGL Background Thread 3 ] DEBUG Engine               - isGameMenuEnabled: true
13:18:43.003 [FXGL Background Thread 3 ] DEBUG Engine               - isIOS: false
13:18:43.003 [FXGL Background Thread 3 ] DEBUG Engine               - isIntroEnabled: false
13:18:43.003 [FXGL Background Thread 3 ] DEBUG Engine               - isLinux: false
13:18:43.004 [FXGL Background Thread 3 ] DEBUG Engine               - isMac: false
13:18:43.004 [FXGL Background Thread 3 ] DEBUG Engine               - isMainMenuEnabled: false
13:18:43.004 [FXGL Background Thread 3 ] DEBUG Engine               - isManualResizeEnabled: false
13:18:43.004 [FXGL Background Thread 3 ] DEBUG Engine               - isMobile: false
13:18:43.004 [FXGL Background Thread 3 ] DEBUG Engine               - isNative: false
13:18:43.004 [FXGL Background Thread 3 ] DEBUG Engine               - isPauseMusicWhenMinimized: true
13:18:43.004 [FXGL Background Thread 3 ] DEBUG Engine               - isPreserveResizeRatio: false
13:18:43.004 [FXGL Background Thread 3 ] DEBUG Engine               - isProfilingEnabled: false
13:18:43.004 [FXGL Background Thread 3 ] DEBUG Engine               - isScaleAffectedOnResize: true
13:18:43.005 [FXGL Background Thread 3 ] DEBUG Engine               - isSingleStep: false
13:18:43.005 [FXGL Background Thread 3 ] DEBUG Engine               - isUserProfileEnabled: false
13:18:43.005 [FXGL Background Thread 3 ] DEBUG Engine               - isWindows: true
13:18:43.005 [FXGL Background Thread 3 ] DEBUG Engine               - language: ObjectProperty [value: ENGLISH]
13:18:43.005 [FXGL Background Thread 3 ] DEBUG Engine               - menuKey: ESCAPE
13:18:43.005 [FXGL Background Thread 3 ] DEBUG Engine               - mouseSensitivity: 0.2
13:18:43.005 [FXGL Background Thread 3 ] DEBUG Engine               - notificationViewClass: class com.almasb.fxgl.notification.view.XboxNotificationView
13:18:43.005 [FXGL Background Thread 3 ] DEBUG Engine               - pixelsPerMeter: 50.0
13:18:43.005 [FXGL Background Thread 3 ] DEBUG Engine               - platform: WINDOWS
13:18:43.006 [FXGL Background Thread 3 ] DEBUG Engine               - prefHeightProperty: ReadOnlyDoubleProperty [value: 600.0]
13:18:43.006 [FXGL Background Thread 3 ] DEBUG Engine               - prefWidthProperty: ReadOnlyDoubleProperty [value: 800.0]
13:18:43.006 [FXGL Background Thread 3 ] DEBUG Engine               - profileDir: profiles/
13:18:43.006 [FXGL Background Thread 3 ] DEBUG Engine               - profileName: StringProperty [value: DEFAULT]
13:18:43.006 [FXGL Background Thread 3 ] DEBUG Engine               - randomSeed: -1
13:18:43.007 [FXGL Background Thread 3 ] DEBUG Engine               - runtimeInfo: RuntimeInfo(platform=WINDOWS, version=17.3, build=30.03.2023 11.49)
13:18:43.007 [FXGL Background Thread 3 ] DEBUG Engine               - saveFileExt: sav
13:18:43.007 [FXGL Background Thread 3 ] DEBUG Engine               - scaledHeightProp$fxgl: DoubleProperty [bound, value: 600.0]
13:18:43.007 [FXGL Background Thread 3 ] DEBUG Engine               - scaledWidthProp$fxgl: DoubleProperty [bound, value: 800.0]
13:18:43.007 [FXGL Background Thread 3 ] DEBUG Engine               - sceneFactory: com.almasb.fxgl.app.scene.SceneFactory@b5b5afb
13:18:43.007 [FXGL Background Thread 3 ] DEBUG Engine               - secondsIn24h: 60
13:18:43.007 [FXGL Background Thread 3 ] DEBUG Engine               - soundMenuBack: menu/back.wav
13:18:43.008 [FXGL Background Thread 3 ] DEBUG Engine               - soundMenuPress: menu/press.wav
13:18:43.008 [FXGL Background Thread 3 ] DEBUG Engine               - soundMenuSelect: menu/select.wav
13:18:43.008 [FXGL Background Thread 3 ] DEBUG Engine               - soundNotification: core/notification.wav
13:18:43.008 [FXGL Background Thread 3 ] DEBUG Engine               - stageStyle: DECORATED
13:18:43.008 [FXGL Background Thread 3 ] DEBUG Engine               - supportedLanguages: [ENGLISH, FRENCH, GERMAN, HUNGARIAN, RUSSIAN]
13:18:43.008 [FXGL Background Thread 3 ] DEBUG Engine               - ticksPerSecond: -1
13:18:43.008 [FXGL Background Thread 3 ] DEBUG Engine               - title: Tetris Game
13:18:43.008 [FXGL Background Thread 3 ] DEBUG Engine               - urlGithub: https://github.com/AlmasB/FXGL
13:18:43.008 [FXGL Background Thread 3 ] DEBUG Engine               - urlLeaderboard: http://fxgl-top.herokuapp.com/
13:18:43.008 [FXGL Background Thread 3 ] DEBUG Engine               - urlPOM: https://raw.githubusercontent.com/AlmasB/FXGL/release/README.md
13:18:43.008 [FXGL Background Thread 3 ] DEBUG Engine               - userAppClass: class org.jair.tetris.tetris.TetrisApplication
13:18:43.008 [FXGL Background Thread 3 ] DEBUG Engine               - version: 0.1
13:18:43.008 [FXGL Background Thread 3 ] DEBUG Engine               - versionCheckDays: 7
13:18:43.008 [FXGL Background Thread 3 ] DEBUG Engine               - width: 800
13:18:43.008 [FXGL Background Thread 3 ] DEBUG Engine               - Logging services
13:18:43.008 [FXGL Background Thread 3 ] DEBUG Engine               - class com.almasb.fxgl.app.services.FXGLAssetLoaderService
13:18:43.008 [FXGL Background Thread 3 ] DEBUG Engine               - class com.almasb.fxgl.app.FXGLApplication$GameApplicationService
13:18:43.009 [FXGL Background Thread 3 ] DEBUG Engine               - class com.almasb.fxgl.app.services.FXGLDialogService
13:18:43.009 [FXGL Background Thread 3 ] DEBUG Engine               - class com.almasb.fxgl.app.services.IOTaskExecutorService
13:18:43.009 [FXGL Background Thread 3 ] DEBUG Engine               - class com.almasb.fxgl.io.FileSystemService
13:18:43.009 [FXGL Background Thread 3 ] DEBUG Engine               - class com.almasb.fxgl.localization.LocalizationService
13:18:43.009 [FXGL Background Thread 3 ] DEBUG Engine               - class com.almasb.fxgl.app.services.SystemBundleService
13:18:43.009 [FXGL Background Thread 3 ] DEBUG Engine               - class com.almasb.fxgl.profile.SaveLoadService
13:18:43.009 [FXGL Background Thread 3 ] DEBUG Engine               - class com.almasb.fxgl.ui.FXGLUIFactoryServiceProvider
13:18:43.009 [FXGL Background Thread 3 ] DEBUG Engine               - class com.almasb.fxgl.ui.FXGLDialogFactoryServiceProvider
13:18:43.009 [FXGL Background Thread 3 ] DEBUG Engine               - class com.almasb.fxgl.audio.AudioPlayer
13:18:43.009 [FXGL Background Thread 3 ] DEBUG Engine               - class com.almasb.fxgl.notification.impl.NotificationServiceProvider
13:18:43.009 [FXGL Background Thread 3 ] DEBUG Engine               - class com.almasb.fxgl.achievement.AchievementService
13:18:43.009 [FXGL Background Thread 3 ] DEBUG Engine               - class com.almasb.fxgl.cutscene.CutsceneService
13:18:43.009 [FXGL Background Thread 3 ] DEBUG Engine               - class com.almasb.fxgl.minigames.MiniGameService
13:18:43.009 [FXGL Background Thread 3 ] DEBUG Engine               - class com.almasb.fxgl.net.NetService
13:18:43.009 [FXGL Background Thread 3 ] DEBUG Engine               - class com.almasb.fxgl.app.services.UpdaterService
13:18:43.010 [FXGL Background Thread 3 ] DEBUG Engine               - class com.almasb.fxgl.dev.DevService
13:19:47.420 [JavaFX Application Thread] DEBUG FXGLApplication      - Exiting FXGL
13:19:47.421 [JavaFX Application Thread] DEBUG LoopRunner           - Stopping loop
13:19:47.421 [JavaFX Application Thread] DEBUG SystemBundleService  - Saving FXGL system data
13:19:47.425 [JavaFX Application Thread] DEBUG FileSystemAccess     - Writing to: C:\Users\chama\Desktop\java\Tetris-Java-Game\system\fxgl.bundle
13:19:47.430 [JavaFX Application Thread] DEBUG Async                - Shutting down background threads
13:19:47.430 [JavaFX Application Thread] DEBUG PrimaryStageWindow   - Closing main window
13:19:47.462 [JavaFX Application Thread] DEBUG Logger               - Closing Logger
