12:17:22.692 [main                     ] DEBUG Logger               - Configured Logger
12:17:22.761 [main                     ] DEBUG GameApplication      - Logging settings
Title: Tetris Game
Version: 0.1
Width: 800
Height: 600
Fullscreen: false
Intro: false
Profiling: false
Single step:false
App Mode: DEVELOPER
Menu Key: ESCAPE
Stage Style: DECORATED
Scene Factory: class com.almasb.fxgl.app.scene.SceneFactory

12:17:23.329 [JavaFX Application Thread] DEBUG FXGLApplication      - Initializing FXGL
12:17:23.340 [JavaFX Application Thread] INFO  Engine               - FXGL-17.3 (30.03.2023 11.49) on WINDOWS (J:17.0.10 FX:17.0.6)
12:17:23.340 [JavaFX Application Thread] DEBUG Engine               - JRE Vendor Name: Oracle Corporation
12:17:23.341 [JavaFX Application Thread] DEBUG Engine               - Running on OS: Windows 11 version 10.0
12:17:23.341 [JavaFX Application Thread] DEBUG Engine               - Architecture: amd64
12:17:23.341 [JavaFX Application Thread] INFO  Engine               - Source code and latest versions at: https://github.com/AlmasB/FXGL
12:17:23.341 [JavaFX Application Thread] INFO  Engine               -       Ask questions and discuss at: https://github.com/AlmasB/FXGL/discussions
12:17:23.342 [JavaFX Application Thread] INFO  Engine               -              Join the FXGL chat at: https://gitter.im/AlmasB/FXGL
12:17:23.463 [JavaFX Application Thread] DEBUG PrimaryStageWindow   - Creating a JavaFX scene
12:17:23.509 [JavaFX Application Thread] DEBUG PrimaryStageWindow   - Target settings size: 800.0 x 600.0
12:17:23.509 [JavaFX Application Thread] DEBUG PrimaryStageWindow   - Scaled scene size:    800.0 x 600.0
12:17:23.510 [JavaFX Application Thread] DEBUG PrimaryStageWindow   - Scaled ratio: (1.0, 1.0)
12:17:23.516 [JavaFX Application Thread] DEBUG PrimaryStageWindow   - Set initial scene to FXGLStartupScene
12:17:23.530 [JavaFX Application Thread] DEBUG PrimaryStageWindow   - Opening main window
12:17:23.685 [JavaFX Application Thread] DEBUG PrimaryStageWindow   - Window border size: (16.0, 39.0)
12:17:23.686 [JavaFX Application Thread] DEBUG PrimaryStageWindow   - Scaled size: 800.0 x 600.0
12:17:23.687 [JavaFX Application Thread] DEBUG PrimaryStageWindow   - Scaled ratio: (1.0, 1.0)
12:17:23.687 [JavaFX Application Thread] DEBUG PrimaryStageWindow   - Scene size: 800.0 x 600.0
12:17:23.688 [JavaFX Application Thread] DEBUG PrimaryStageWindow   - Stage size: 816.0 x 639.0
12:17:23.700 [FXGL Background Thread 1 ] DEBUG Engine               - Initializing environment variables
12:17:23.791 [FXGL Background Thread 1 ] DEBUG FXGLAssetLoaderServi - User app class for loading assets: class org.jair.tetris.tetris.TetrisApplication
12:17:23.791 [FXGL Background Thread 1 ] DEBUG GameApplicationServi - Applying CSS: fxgl_dark.css
12:17:23.793 [FXGL Background Thread 1 ] DEBUG FXGLAssetLoaderServi - Loading from file system: jar:file:///C:/Users/chama/.m2/repository/com/github/almasb/fxgl/17.3/fxgl-17.3.jar!/fxglassets/ui/css/fxgl_dark.css
12:17:23.919 [FXGL Background Thread 1 ] DEBUG GameApplicationServi - Initializing application scenes
12:17:24.025 [FXGL Background Thread 1 ] DEBUG GameWorld            - Game world initialized
12:17:24.113 [FXGL Background Thread 1 ] DEBUG PhysicsWorld         - Physics world initialized: appHeight=600, physics.ppm=50.0
12:17:24.113 [FXGL Background Thread 1 ] DEBUG PhysicsWorld         - Using strategy: BRUTE_FORCE
12:17:24.122 [FXGL Background Thread 1 ] DEBUG GameScene            - Game scene initialized: 800x600
12:17:24.160 [FXGL Background Thread 1 ] DEBUG FXGL.DefaultMenu     - createMenuBodyGameMenu()
12:17:24.178 [FXGL Background Thread 1 ] DEBUG FXGL.DefaultMenu     - createOptionsMenu()
12:17:24.206 [FXGL Background Thread 1 ] DEBUG FXGLAssetLoaderServi - Loading from file system: jar:file:///C:/Users/chama/.m2/repository/com/github/almasb/fxgl/17.3/fxgl-17.3.jar!/fxglassets/textures/particles/smoke.png
12:17:24.467 [FXGL Background Thread 1 ] DEBUG FXGLAssetLoaderServi - Loading from file system: jar:file:///C:/Users/chama/.m2/repository/com/github/almasb/fxgl/17.3/fxgl-17.3.jar!/fxglassets/textures/particles/trace_horizontal.png
12:17:24.516 [FXGL Background Thread 1 ] DEBUG GameApplicationServi - Application scenes initialized
12:17:24.536 [FXGL Background Thread 1 ] DEBUG SystemBundleService  - Loading FXGL system data
12:17:24.543 [FXGL Background Thread 1 ] DEBUG FileSystemAccess     - Reading from: C:\Users\chama\Desktop\java\Tetris-Java-Game\system\fxgl.bundle
12:17:24.562 [FXGL Background Thread 1 ] DEBUG SystemBundleService  - Bundle FXGL: {}
12:17:24.563 [FXGL Background Thread 1 ] DEBUG UpdaterService       - Checking for updates
12:17:24.579 [FXGL Background Thread 4 ] DEBUG FXGLApplication      - Loading fonts
12:17:24.579 [FXGL Background Thread 4 ] DEBUG FXGLAssetLoaderServi - Loading from file system: jar:file:///C:/Users/chama/.m2/repository/com/github/almasb/fxgl/17.3/fxgl-17.3.jar!/fxglassets/ui/fonts/VarelaRound-Regular.ttf
12:17:24.581 [FXGL Background Thread 1 ] DEBUG FXGLApplication      - Loading default localization
12:17:24.583 [FXGL Background Thread 1 ] DEBUG FXGLAssetLoaderServi - Loading from file system: jar:file:///C:/Users/chama/.m2/repository/com/github/almasb/fxgl/17.3/fxgl-17.3.jar!/fxglassets/languages/english.lang
12:17:24.635 [FXGL Background Thread 1 ] INFO  FXGLApplication      - FXGL initialization took: 0.934 sec
12:17:24.664 [FXGL Background Thread 4 ] DEBUG FXGLAssetLoaderServi - Loading from file system: jar:file:///C:/Users/chama/.m2/repository/com/github/almasb/fxgl/17.3/fxgl-17.3.jar!/fxglassets/ui/fonts/Abel-Regular.ttf
12:17:24.668 [FXGL Background Thread 4 ] DEBUG FXGLAssetLoaderServi - Loading from file system: jar:file:///C:/Users/chama/.m2/repository/com/github/almasb/fxgl/17.3/fxgl-17.3.jar!/fxglassets/ui/fonts/TerminalLandMono-Regular.otf
12:17:24.672 [JavaFX Application Thread] DEBUG Input                - Registered new binding: Move Right - Right
12:17:24.673 [JavaFX Application Thread] DEBUG Input                - Registered new binding: Move Left - Left
12:17:24.674 [FXGL Background Thread 4 ] DEBUG FXGLAssetLoaderServi - Loading from file system: jar:file:///C:/Users/chama/.m2/repository/com/github/almasb/fxgl/17.3/fxgl-17.3.jar!/fxglassets/ui/fonts/Courier-Prime.ttf
12:17:24.674 [JavaFX Application Thread] DEBUG FXGLAssetLoaderServi - Loading from file system: jar:file:///C:/Users/chama/.m2/repository/com/github/almasb/fxgl/17.3/fxgl-17.3.jar!/fxglassets/textures/fxgl_icon.png
12:17:24.707 [JavaFX Application Thread] DEBUG FXGLAssetLoaderServi - Loading from file system: jar:file:///C:/Users/chama/.m2/repository/com/github/almasb/fxgl/17.3/fxgl-17.3.jar!/fxglassets/textures/fxgl_default_cursor.png
12:17:24.717 [JavaFX Application Thread] DEBUG Input                - Registered new binding: Screenshot - CTRL+8
12:17:24.719 [JavaFX Application Thread] DEBUG Input                - Registered new binding: System info dump - CTRL+9
12:17:24.720 [JavaFX Application Thread] DEBUG Input                - Registered new binding: Restart - CTRL+R
12:17:24.723 [JavaFX Application Thread] DEBUG Input                - Registered new binding: Toggle Debug Camera - CTRL+7
12:17:24.738 [JavaFX Application Thread] DEBUG LoopRunner           - Starting loop
12:17:24.738 [JavaFX Application Thread] DEBUG LoopRunner           - Initializing JavaFX AnimationTimerLoop
12:17:24.743 [JavaFX Application Thread] DEBUG GameApplicationServi - Starting new game
12:17:24.745 [JavaFX Application Thread] DEBUG Input                - Clearing active input actions
12:17:24.769 [JavaFX Application Thread] DEBUG GameApplicationServi - Removing overlay from FXGLStartupScene and adding to FXGLLoadingScene
12:17:24.770 [JavaFX Application Thread] DEBUG PrimaryStageWindow   - FXGLStartupScene -> FXGLLoadingScene
12:17:24.770 [JavaFX Application Thread] DEBUG GameApplicationServi - Clearing previous game
12:17:24.770 [JavaFX Application Thread] DEBUG GameScene            - Clearing game scene
12:17:24.771 [JavaFX Application Thread] DEBUG GameWorld            - Clearing game world
12:17:24.771 [JavaFX Application Thread] DEBUG PhysicsWorld         - Clearing physics world
12:17:24.777 [JavaFX Application Thread] DEBUG FXGLApplication      - Registering font factories with UI factory
12:17:24.777 [FXGL Background Thread 4 ] DEBUG FXGLApplication      - Initializing game
12:17:24.833 [FXGL Background Thread 4 ] INFO  FXGLApplication      - Game initialization took: 0.056 sec
12:17:24.907 [JavaFX Application Thread] DEBUG Input                - Clearing active input actions
12:17:24.920 [JavaFX Application Thread] DEBUG GameApplicationServi - Removing overlay from FXGLLoadingScene and adding to GameScene
12:17:24.921 [JavaFX Application Thread] DEBUG PrimaryStageWindow   - FXGLLoadingScene -> GameScene
12:17:25.667 [FXGL Background Thread 2 ] INFO  UpdaterService       - Your current version:  17.3
12:17:25.668 [FXGL Background Thread 2 ] INFO  UpdaterService       - Latest stable version: 21.1
12:17:26.656 [JavaFX Application Thread] DEBUG FXGLApplication      - Exiting FXGL
12:17:26.657 [JavaFX Application Thread] DEBUG LoopRunner           - Stopping loop
12:17:26.657 [JavaFX Application Thread] DEBUG SystemBundleService  - Saving FXGL system data
12:17:26.667 [JavaFX Application Thread] DEBUG FileSystemAccess     - Writing to: C:\Users\chama\Desktop\java\Tetris-Java-Game\system\fxgl.bundle
12:17:26.669 [JavaFX Application Thread] DEBUG Async                - Shutting down background threads
12:17:26.669 [JavaFX Application Thread] DEBUG PrimaryStageWindow   - Closing main window
12:17:26.685 [JavaFX Application Thread] DEBUG Logger               - Closing Logger
