12:54:35.947 [main                     ] DEBUG Logger               - Configured Logger
12:54:36.010 [main                     ] DEBUG GameApplication      - Logging settings
Title: Tetris Game
Version: 0.1
Width: 800
Height: 600
Fullscreen: false
Intro: false
Profiling: false
Single step:false
App Mode: DEVELOPER
Menu Key: ESCAPE
Stage Style: DECORATED
Scene Factory: class com.almasb.fxgl.app.scene.SceneFactory

12:54:36.542 [JavaFX Application Thread] DEBUG FXGLApplication      - Initializing FXGL
12:54:36.560 [JavaFX Application Thread] INFO  Engine               - FXGL-17.3 (30.03.2023 11.49) on WINDOWS (J:17.0.10 FX:17.0.6)
12:54:36.560 [JavaFX Application Thread] DEBUG Engine               - JRE Vendor Name: Oracle Corporation
12:54:36.560 [JavaFX Application Thread] DEBUG Engine               - Running on OS: Windows 11 version 10.0
12:54:36.561 [JavaFX Application Thread] DEBUG Engine               - Architecture: amd64
12:54:36.561 [JavaFX Application Thread] INFO  Engine               - Source code and latest versions at: https://github.com/AlmasB/FXGL
12:54:36.561 [JavaFX Application Thread] INFO  Engine               -       Ask questions and discuss at: https://github.com/AlmasB/FXGL/discussions
12:54:36.561 [JavaFX Application Thread] INFO  Engine               -              Join the FXGL chat at: https://gitter.im/AlmasB/FXGL
12:54:36.679 [JavaFX Application Thread] DEBUG PrimaryStageWindow   - Creating a JavaFX scene
12:54:36.726 [JavaFX Application Thread] DEBUG PrimaryStageWindow   - Target settings size: 800.0 x 600.0
12:54:36.727 [JavaFX Application Thread] DEBUG PrimaryStageWindow   - Scaled scene size:    800.0 x 600.0
12:54:36.727 [JavaFX Application Thread] DEBUG PrimaryStageWindow   - Scaled ratio: (1.0, 1.0)
12:54:36.730 [JavaFX Application Thread] DEBUG PrimaryStageWindow   - Set initial scene to FXGLStartupScene
12:54:36.738 [JavaFX Application Thread] DEBUG PrimaryStageWindow   - Opening main window
12:54:36.877 [JavaFX Application Thread] DEBUG PrimaryStageWindow   - Window border size: (16.0, 39.0)
12:54:36.878 [JavaFX Application Thread] DEBUG PrimaryStageWindow   - Scaled size: 800.0 x 600.0
12:54:36.879 [JavaFX Application Thread] DEBUG PrimaryStageWindow   - Scaled ratio: (1.0, 1.0)
12:54:36.879 [JavaFX Application Thread] DEBUG PrimaryStageWindow   - Scene size: 800.0 x 600.0
12:54:36.879 [JavaFX Application Thread] DEBUG PrimaryStageWindow   - Stage size: 816.0 x 639.0
12:54:36.889 [FXGL Background Thread 1 ] DEBUG Engine               - Initializing environment variables
12:54:36.978 [FXGL Background Thread 1 ] DEBUG FXGLAssetLoaderServi - User app class for loading assets: class org.jair.tetris.tetris.TetrisApplication
12:54:36.979 [FXGL Background Thread 1 ] DEBUG GameApplicationServi - Applying CSS: fxgl_dark.css
12:54:36.980 [FXGL Background Thread 1 ] DEBUG FXGLAssetLoaderServi - Loading from file system: jar:file:///C:/Users/chama/.m2/repository/com/github/almasb/fxgl/17.3/fxgl-17.3.jar!/fxglassets/ui/css/fxgl_dark.css
12:54:37.106 [FXGL Background Thread 1 ] DEBUG GameApplicationServi - Initializing application scenes
12:54:37.215 [FXGL Background Thread 1 ] DEBUG GameWorld            - Game world initialized
12:54:37.297 [FXGL Background Thread 1 ] DEBUG PhysicsWorld         - Physics world initialized: appHeight=600, physics.ppm=50.0
12:54:37.298 [FXGL Background Thread 1 ] DEBUG PhysicsWorld         - Using strategy: BRUTE_FORCE
12:54:37.311 [FXGL Background Thread 1 ] DEBUG GameScene            - Game scene initialized: 800x600
12:54:37.345 [FXGL Background Thread 1 ] DEBUG FXGL.DefaultMenu     - createMenuBodyGameMenu()
12:54:37.373 [FXGL Background Thread 1 ] DEBUG FXGL.DefaultMenu     - createOptionsMenu()
12:54:37.399 [FXGL Background Thread 1 ] DEBUG FXGLAssetLoaderServi - Loading from file system: jar:file:///C:/Users/chama/.m2/repository/com/github/almasb/fxgl/17.3/fxgl-17.3.jar!/fxglassets/textures/particles/smoke.png
12:54:37.628 [FXGL Background Thread 1 ] DEBUG FXGLAssetLoaderServi - Loading from file system: jar:file:///C:/Users/chama/.m2/repository/com/github/almasb/fxgl/17.3/fxgl-17.3.jar!/fxglassets/textures/particles/trace_horizontal.png
12:54:37.669 [FXGL Background Thread 1 ] DEBUG GameApplicationServi - Application scenes initialized
12:54:37.698 [FXGL Background Thread 1 ] DEBUG SystemBundleService  - Loading FXGL system data
12:54:37.704 [FXGL Background Thread 1 ] DEBUG FileSystemAccess     - Reading from: C:\Users\chama\Desktop\java\Tetris-Java-Game\system\fxgl.bundle
12:54:37.726 [FXGL Background Thread 1 ] DEBUG SystemBundleService  - Bundle FXGL: {}
12:54:37.726 [FXGL Background Thread 1 ] DEBUG UpdaterService       - Checking for updates
12:54:37.730 [FXGL Background Thread 4 ] DEBUG FXGLApplication      - Loading fonts
12:54:37.731 [FXGL Background Thread 4 ] DEBUG FXGLAssetLoaderServi - Loading from file system: jar:file:///C:/Users/chama/.m2/repository/com/github/almasb/fxgl/17.3/fxgl-17.3.jar!/fxglassets/ui/fonts/VarelaRound-Regular.ttf
12:54:37.731 [FXGL Background Thread 1 ] DEBUG FXGLApplication      - Loading default localization
12:54:37.734 [FXGL Background Thread 1 ] DEBUG FXGLAssetLoaderServi - Loading from file system: jar:file:///C:/Users/chama/.m2/repository/com/github/almasb/fxgl/17.3/fxgl-17.3.jar!/fxglassets/languages/english.lang
12:54:37.785 [FXGL Background Thread 1 ] INFO  FXGLApplication      - FXGL initialization took: 0.895 sec
12:54:37.814 [FXGL Background Thread 4 ] DEBUG FXGLAssetLoaderServi - Loading from file system: jar:file:///C:/Users/chama/.m2/repository/com/github/almasb/fxgl/17.3/fxgl-17.3.jar!/fxglassets/ui/fonts/Abel-Regular.ttf
12:54:37.819 [FXGL Background Thread 4 ] DEBUG FXGLAssetLoaderServi - Loading from file system: jar:file:///C:/Users/chama/.m2/repository/com/github/almasb/fxgl/17.3/fxgl-17.3.jar!/fxglassets/ui/fonts/TerminalLandMono-Regular.otf
12:54:37.831 [FXGL Background Thread 4 ] DEBUG FXGLAssetLoaderServi - Loading from file system: jar:file:///C:/Users/chama/.m2/repository/com/github/almasb/fxgl/17.3/fxgl-17.3.jar!/fxglassets/ui/fonts/Courier-Prime.ttf
12:54:37.849 [JavaFX Application Thread] DEBUG Input                - Registered new binding: Move Right - Right
12:54:37.850 [JavaFX Application Thread] DEBUG Input                - Registered new binding: Move Left - Left
12:54:37.850 [JavaFX Application Thread] DEBUG Input                - Registered new binding: Move Down - Down
12:54:37.850 [JavaFX Application Thread] DEBUG FXGLAssetLoaderServi - Loading from file system: jar:file:///C:/Users/chama/.m2/repository/com/github/almasb/fxgl/17.3/fxgl-17.3.jar!/fxglassets/textures/fxgl_icon.png
12:54:37.881 [JavaFX Application Thread] DEBUG FXGLAssetLoaderServi - Loading from file system: jar:file:///C:/Users/chama/.m2/repository/com/github/almasb/fxgl/17.3/fxgl-17.3.jar!/fxglassets/textures/fxgl_default_cursor.png
12:54:37.888 [JavaFX Application Thread] DEBUG Input                - Registered new binding: Screenshot - CTRL+8
12:54:37.889 [JavaFX Application Thread] DEBUG Input                - Registered new binding: System info dump - CTRL+9
12:54:37.892 [JavaFX Application Thread] DEBUG Input                - Registered new binding: Restart - CTRL+R
12:54:37.898 [JavaFX Application Thread] DEBUG Input                - Registered new binding: Toggle Debug Camera - CTRL+7
12:54:37.909 [JavaFX Application Thread] DEBUG LoopRunner           - Starting loop
12:54:37.910 [JavaFX Application Thread] DEBUG LoopRunner           - Initializing JavaFX AnimationTimerLoop
12:54:37.914 [JavaFX Application Thread] DEBUG GameApplicationServi - Starting new game
12:54:37.915 [JavaFX Application Thread] DEBUG Input                - Clearing active input actions
12:54:37.939 [JavaFX Application Thread] DEBUG GameApplicationServi - Removing overlay from FXGLStartupScene and adding to FXGLLoadingScene
12:54:37.939 [JavaFX Application Thread] DEBUG PrimaryStageWindow   - FXGLStartupScene -> FXGLLoadingScene
12:54:37.939 [JavaFX Application Thread] DEBUG GameApplicationServi - Clearing previous game
12:54:37.939 [JavaFX Application Thread] DEBUG GameScene            - Clearing game scene
12:54:37.939 [JavaFX Application Thread] DEBUG GameWorld            - Clearing game world
12:54:37.940 [JavaFX Application Thread] DEBUG PhysicsWorld         - Clearing physics world
12:54:37.944 [FXGL Background Thread 4 ] DEBUG FXGLApplication      - Initializing game
12:54:37.945 [JavaFX Application Thread] DEBUG FXGLApplication      - Registering font factories with UI factory
12:54:37.971 [FXGL Background Thread 4 ] INFO  FXGLApplication      - Game initialization took: 0.026 sec
12:54:38.152 [JavaFX Application Thread] DEBUG FXGLApplication      - Exiting FXGL
12:54:38.152 [JavaFX Application Thread] DEBUG LoopRunner           - Stopping loop
12:54:38.153 [JavaFX Application Thread] DEBUG SystemBundleService  - Saving FXGL system data
12:54:38.156 [JavaFX Application Thread] DEBUG FileSystemAccess     - Writing to: C:\Users\chama\Desktop\java\Tetris-Java-Game\system\fxgl.bundle
12:54:38.158 [JavaFX Application Thread] DEBUG Async                - Shutting down background threads
12:54:38.158 [JavaFX Application Thread] DEBUG PrimaryStageWindow   - Closing main window
12:54:38.212 [JavaFX Application Thread] DEBUG Logger               - Closing Logger
